{"C:\\Users\\almui\\bootcamp\\collab\\skylab-bootcamp-201809\\staff\\almu-itur\\easymeals\\easymeals-api\\logic\\index.spec.js":{"path":"C:\\Users\\almui\\bootcamp\\collab\\skylab-bootcamp-201809\\staff\\almu-itur\\easymeals\\easymeals-api\\logic\\index.spec.js","statementMap":{"0":{"start":{"line":1,"column":60},"end":{"line":1,"column":85}},"1":{"start":{"line":2,"column":14},"end":{"line":2,"column":26}},"2":{"start":{"line":3,"column":86},"end":{"line":3,"column":106}},"3":{"start":{"line":4,"column":19},"end":{"line":4,"column":34}},"4":{"start":{"line":5,"column":11},"end":{"line":5,"column":30}},"5":{"start":{"line":6,"column":13},"end":{"line":6,"column":28}},"6":{"start":{"line":7,"column":14},"end":{"line":7,"column":30}},"7":{"start":{"line":8,"column":22},"end":{"line":8,"column":48}},"8":{"start":{"line":9,"column":17},"end":{"line":9,"column":36}},"9":{"start":{"line":10,"column":14},"end":{"line":10,"column":44}},"10":{"start":{"line":13,"column":18},"end":{"line":13,"column":60}},"11":{"start":{"line":15,"column":0},"end":{"line":712,"column":2}},"12":{"start":{"line":16,"column":4},"end":{"line":16,"column":94}},"13":{"start":{"line":16,"column":17},"end":{"line":16,"column":93}},"14":{"start":{"line":18,"column":4},"end":{"line":22,"column":6}},"15":{"start":{"line":19,"column":8},"end":{"line":19,"column":31}},"16":{"start":{"line":21,"column":8},"end":{"line":21,"column":36}},"17":{"start":{"line":24,"column":4},"end":{"line":232,"column":6}},"18":{"start":{"line":25,"column":8},"end":{"line":231,"column":10}},"19":{"start":{"line":26,"column":12},"end":{"line":41,"column":14}},"20":{"start":{"line":27,"column":28},"end":{"line":27,"column":129}},"21":{"start":{"line":29,"column":16},"end":{"line":29,"column":47}},"22":{"start":{"line":30,"column":16},"end":{"line":30,"column":52}},"23":{"start":{"line":31,"column":16},"end":{"line":31,"column":53}},"24":{"start":{"line":32,"column":16},"end":{"line":32,"column":24}},"25":{"start":{"line":33,"column":16},"end":{"line":33,"column":62}},"26":{"start":{"line":34,"column":16},"end":{"line":34,"column":59}},"27":{"start":{"line":35,"column":16},"end":{"line":35,"column":41}},"28":{"start":{"line":36,"column":16},"end":{"line":36,"column":57}},"29":{"start":{"line":37,"column":16},"end":{"line":37,"column":65}},"30":{"start":{"line":38,"column":16},"end":{"line":38,"column":66}},"31":{"start":{"line":39,"column":16},"end":{"line":39,"column":51}},"32":{"start":{"line":43,"column":12},"end":{"line":58,"column":14}},"33":{"start":{"line":44,"column":28},"end":{"line":44,"column":116}},"34":{"start":{"line":46,"column":16},"end":{"line":46,"column":47}},"35":{"start":{"line":47,"column":16},"end":{"line":47,"column":52}},"36":{"start":{"line":48,"column":16},"end":{"line":48,"column":46}},"37":{"start":{"line":49,"column":16},"end":{"line":49,"column":45}},"38":{"start":{"line":50,"column":16},"end":{"line":50,"column":49}},"39":{"start":{"line":51,"column":16},"end":{"line":51,"column":52}},"40":{"start":{"line":52,"column":16},"end":{"line":52,"column":45}},"41":{"start":{"line":53,"column":16},"end":{"line":53,"column":54}},"42":{"start":{"line":54,"column":16},"end":{"line":54,"column":47}},"43":{"start":{"line":55,"column":16},"end":{"line":55,"column":53}},"44":{"start":{"line":56,"column":16},"end":{"line":56,"column":48}},"45":{"start":{"line":57,"column":16},"end":{"line":57,"column":47}},"46":{"start":{"line":60,"column":12},"end":{"line":68,"column":14}},"47":{"start":{"line":61,"column":16},"end":{"line":67,"column":17}},"48":{"start":{"line":62,"column":20},"end":{"line":62,"column":111}},"49":{"start":{"line":63,"column":20},"end":{"line":63,"column":44}},"50":{"start":{"line":65,"column":20},"end":{"line":65,"column":59}},"51":{"start":{"line":66,"column":20},"end":{"line":66,"column":77}},"52":{"start":{"line":70,"column":12},"end":{"line":78,"column":14}},"53":{"start":{"line":71,"column":16},"end":{"line":77,"column":17}},"54":{"start":{"line":72,"column":20},"end":{"line":72,"column":110}},"55":{"start":{"line":73,"column":20},"end":{"line":73,"column":44}},"56":{"start":{"line":75,"column":20},"end":{"line":75,"column":59}},"57":{"start":{"line":76,"column":20},"end":{"line":76,"column":77}},"58":{"start":{"line":80,"column":12},"end":{"line":88,"column":14}},"59":{"start":{"line":81,"column":16},"end":{"line":87,"column":17}},"60":{"start":{"line":82,"column":20},"end":{"line":82,"column":115}},"61":{"start":{"line":83,"column":20},"end":{"line":83,"column":44}},"62":{"start":{"line":85,"column":20},"end":{"line":85,"column":59}},"63":{"start":{"line":86,"column":20},"end":{"line":86,"column":77}},"64":{"start":{"line":90,"column":12},"end":{"line":98,"column":14}},"65":{"start":{"line":91,"column":16},"end":{"line":97,"column":17}},"66":{"start":{"line":92,"column":20},"end":{"line":92,"column":106}},"67":{"start":{"line":93,"column":20},"end":{"line":93,"column":44}},"68":{"start":{"line":95,"column":20},"end":{"line":95,"column":59}},"69":{"start":{"line":96,"column":20},"end":{"line":96,"column":77}},"70":{"start":{"line":100,"column":12},"end":{"line":108,"column":14}},"71":{"start":{"line":101,"column":16},"end":{"line":107,"column":17}},"72":{"start":{"line":102,"column":20},"end":{"line":102,"column":104}},"73":{"start":{"line":103,"column":20},"end":{"line":103,"column":44}},"74":{"start":{"line":105,"column":20},"end":{"line":105,"column":60}},"75":{"start":{"line":106,"column":20},"end":{"line":106,"column":78}},"76":{"start":{"line":110,"column":12},"end":{"line":118,"column":14}},"77":{"start":{"line":111,"column":16},"end":{"line":117,"column":17}},"78":{"start":{"line":112,"column":20},"end":{"line":112,"column":103}},"79":{"start":{"line":113,"column":20},"end":{"line":113,"column":44}},"80":{"start":{"line":115,"column":20},"end":{"line":115,"column":60}},"81":{"start":{"line":116,"column":20},"end":{"line":116,"column":81}},"82":{"start":{"line":120,"column":12},"end":{"line":128,"column":14}},"83":{"start":{"line":121,"column":16},"end":{"line":127,"column":17}},"84":{"start":{"line":122,"column":20},"end":{"line":122,"column":109}},"85":{"start":{"line":123,"column":20},"end":{"line":123,"column":44}},"86":{"start":{"line":125,"column":20},"end":{"line":125,"column":59}},"87":{"start":{"line":126,"column":20},"end":{"line":126,"column":68}},"88":{"start":{"line":130,"column":12},"end":{"line":138,"column":14}},"89":{"start":{"line":131,"column":16},"end":{"line":137,"column":17}},"90":{"start":{"line":132,"column":20},"end":{"line":132,"column":103}},"91":{"start":{"line":133,"column":20},"end":{"line":133,"column":44}},"92":{"start":{"line":135,"column":20},"end":{"line":135,"column":60}},"93":{"start":{"line":136,"column":20},"end":{"line":136,"column":76}},"94":{"start":{"line":140,"column":12},"end":{"line":148,"column":14}},"95":{"start":{"line":141,"column":16},"end":{"line":147,"column":17}},"96":{"start":{"line":142,"column":20},"end":{"line":142,"column":103}},"97":{"start":{"line":143,"column":20},"end":{"line":143,"column":44}},"98":{"start":{"line":145,"column":20},"end":{"line":145,"column":59}},"99":{"start":{"line":146,"column":20},"end":{"line":146,"column":69}},"100":{"start":{"line":150,"column":12},"end":{"line":158,"column":14}},"101":{"start":{"line":151,"column":16},"end":{"line":157,"column":17}},"102":{"start":{"line":152,"column":20},"end":{"line":152,"column":102}},"103":{"start":{"line":153,"column":20},"end":{"line":153,"column":44}},"104":{"start":{"line":155,"column":20},"end":{"line":155,"column":59}},"105":{"start":{"line":156,"column":20},"end":{"line":156,"column":69}},"106":{"start":{"line":160,"column":12},"end":{"line":168,"column":14}},"107":{"start":{"line":161,"column":16},"end":{"line":167,"column":17}},"108":{"start":{"line":162,"column":20},"end":{"line":162,"column":113}},"109":{"start":{"line":163,"column":20},"end":{"line":163,"column":44}},"110":{"start":{"line":165,"column":20},"end":{"line":165,"column":59}},"111":{"start":{"line":166,"column":20},"end":{"line":166,"column":72}},"112":{"start":{"line":170,"column":12},"end":{"line":179,"column":14}},"113":{"start":{"line":171,"column":16},"end":{"line":178,"column":17}},"114":{"start":{"line":172,"column":20},"end":{"line":172,"column":105}},"115":{"start":{"line":174,"column":20},"end":{"line":174,"column":44}},"116":{"start":{"line":176,"column":20},"end":{"line":176,"column":59}},"117":{"start":{"line":177,"column":20},"end":{"line":177,"column":70}},"118":{"start":{"line":181,"column":12},"end":{"line":189,"column":14}},"119":{"start":{"line":182,"column":16},"end":{"line":188,"column":17}},"120":{"start":{"line":183,"column":20},"end":{"line":183,"column":104}},"121":{"start":{"line":184,"column":20},"end":{"line":184,"column":44}},"122":{"start":{"line":186,"column":20},"end":{"line":186,"column":59}},"123":{"start":{"line":187,"column":20},"end":{"line":187,"column":70}},"124":{"start":{"line":191,"column":12},"end":{"line":199,"column":14}},"125":{"start":{"line":192,"column":16},"end":{"line":198,"column":17}},"126":{"start":{"line":193,"column":20},"end":{"line":193,"column":105}},"127":{"start":{"line":194,"column":20},"end":{"line":194,"column":44}},"128":{"start":{"line":196,"column":20},"end":{"line":196,"column":59}},"129":{"start":{"line":197,"column":20},"end":{"line":197,"column":74}},"130":{"start":{"line":201,"column":12},"end":{"line":210,"column":14}},"131":{"start":{"line":202,"column":16},"end":{"line":209,"column":17}},"132":{"start":{"line":203,"column":20},"end":{"line":203,"column":100}},"133":{"start":{"line":205,"column":20},"end":{"line":205,"column":44}},"134":{"start":{"line":207,"column":20},"end":{"line":207,"column":59}},"135":{"start":{"line":208,"column":20},"end":{"line":208,"column":82}},"136":{"start":{"line":212,"column":12},"end":{"line":220,"column":14}},"137":{"start":{"line":213,"column":16},"end":{"line":219,"column":17}},"138":{"start":{"line":214,"column":20},"end":{"line":214,"column":104}},"139":{"start":{"line":215,"column":20},"end":{"line":215,"column":44}},"140":{"start":{"line":217,"column":20},"end":{"line":217,"column":59}},"141":{"start":{"line":218,"column":20},"end":{"line":218,"column":70}},"142":{"start":{"line":222,"column":12},"end":{"line":230,"column":14}},"143":{"start":{"line":223,"column":16},"end":{"line":229,"column":17}},"144":{"start":{"line":224,"column":20},"end":{"line":224,"column":101}},"145":{"start":{"line":225,"column":20},"end":{"line":225,"column":44}},"146":{"start":{"line":227,"column":20},"end":{"line":227,"column":59}},"147":{"start":{"line":228,"column":20},"end":{"line":228,"column":69}},"148":{"start":{"line":234,"column":4},"end":{"line":384,"column":6}},"149":{"start":{"line":236,"column":8},"end":{"line":346,"column":10}},"150":{"start":{"line":239,"column":12},"end":{"line":248,"column":14}},"151":{"start":{"line":240,"column":16},"end":{"line":240,"column":47}},"152":{"start":{"line":241,"column":16},"end":{"line":241,"column":53}},"153":{"start":{"line":242,"column":16},"end":{"line":242,"column":55}},"154":{"start":{"line":243,"column":16},"end":{"line":243,"column":55}},"155":{"start":{"line":245,"column":16},"end":{"line":245,"column":109}},"156":{"start":{"line":247,"column":16},"end":{"line":247,"column":33}},"157":{"start":{"line":250,"column":12},"end":{"line":263,"column":14}},"158":{"start":{"line":251,"column":12},"end":{"line":251,"column":228}},"159":{"start":{"line":253,"column":12},"end":{"line":253,"column":54}},"160":{"start":{"line":255,"column":26},"end":{"line":255,"column":59}},"161":{"start":{"line":257,"column":12},"end":{"line":257,"column":49}},"162":{"start":{"line":258,"column":12},"end":{"line":258,"column":64}},"163":{"start":{"line":259,"column":12},"end":{"line":259,"column":59}},"164":{"start":{"line":260,"column":12},"end":{"line":260,"column":69}},"165":{"start":{"line":261,"column":12},"end":{"line":261,"column":74}},"166":{"start":{"line":265,"column":12},"end":{"line":278,"column":14}},"167":{"start":{"line":266,"column":33},"end":{"line":266,"column":238}},"168":{"start":{"line":268,"column":31},"end":{"line":268,"column":55}},"169":{"start":{"line":270,"column":16},"end":{"line":277,"column":17}},"170":{"start":{"line":271,"column":20},"end":{"line":271,"column":61}},"171":{"start":{"line":273,"column":20},"end":{"line":273,"column":44}},"172":{"start":{"line":275,"column":20},"end":{"line":275,"column":60}},"173":{"start":{"line":276,"column":20},"end":{"line":276,"column":77}},"174":{"start":{"line":280,"column":12},"end":{"line":292,"column":14}},"175":{"start":{"line":282,"column":16},"end":{"line":282,"column":232}},"176":{"start":{"line":284,"column":16},"end":{"line":290,"column":17}},"177":{"start":{"line":285,"column":20},"end":{"line":285,"column":64}},"178":{"start":{"line":286,"column":20},"end":{"line":286,"column":44}},"179":{"start":{"line":288,"column":20},"end":{"line":288,"column":59}},"180":{"start":{"line":289,"column":20},"end":{"line":289,"column":77}},"181":{"start":{"line":293,"column":12},"end":{"line":305,"column":14}},"182":{"start":{"line":295,"column":16},"end":{"line":295,"column":232}},"183":{"start":{"line":297,"column":16},"end":{"line":303,"column":17}},"184":{"start":{"line":298,"column":20},"end":{"line":298,"column":57}},"185":{"start":{"line":299,"column":20},"end":{"line":299,"column":44}},"186":{"start":{"line":301,"column":20},"end":{"line":301,"column":60}},"187":{"start":{"line":302,"column":20},"end":{"line":302,"column":72}},"188":{"start":{"line":307,"column":12},"end":{"line":320,"column":14}},"189":{"start":{"line":309,"column":16},"end":{"line":309,"column":232}},"190":{"start":{"line":311,"column":31},"end":{"line":311,"column":39}},"191":{"start":{"line":313,"column":16},"end":{"line":319,"column":17}},"192":{"start":{"line":314,"column":20},"end":{"line":314,"column":61}},"193":{"start":{"line":315,"column":20},"end":{"line":315,"column":44}},"194":{"start":{"line":317,"column":20},"end":{"line":317,"column":60}},"195":{"start":{"line":318,"column":20},"end":{"line":318,"column":77}},"196":{"start":{"line":322,"column":12},"end":{"line":333,"column":14}},"197":{"start":{"line":324,"column":16},"end":{"line":324,"column":232}},"198":{"start":{"line":326,"column":16},"end":{"line":332,"column":17}},"199":{"start":{"line":327,"column":20},"end":{"line":327,"column":56}},"200":{"start":{"line":328,"column":20},"end":{"line":328,"column":44}},"201":{"start":{"line":330,"column":20},"end":{"line":330,"column":59}},"202":{"start":{"line":331,"column":20},"end":{"line":331,"column":69}},"203":{"start":{"line":335,"column":12},"end":{"line":344,"column":14}},"204":{"start":{"line":336,"column":16},"end":{"line":336,"column":29}},"205":{"start":{"line":337,"column":16},"end":{"line":343,"column":17}},"206":{"start":{"line":338,"column":20},"end":{"line":338,"column":63}},"207":{"start":{"line":339,"column":20},"end":{"line":339,"column":44}},"208":{"start":{"line":341,"column":20},"end":{"line":341,"column":59}},"209":{"start":{"line":342,"column":20},"end":{"line":342,"column":80}},"210":{"start":{"line":348,"column":8},"end":{"line":383,"column":10}},"211":{"start":{"line":351,"column":12},"end":{"line":364,"column":14}},"212":{"start":{"line":352,"column":16},"end":{"line":352,"column":46}},"213":{"start":{"line":353,"column":16},"end":{"line":353,"column":52}},"214":{"start":{"line":354,"column":16},"end":{"line":354,"column":54}},"215":{"start":{"line":355,"column":16},"end":{"line":357,"column":114}},"216":{"start":{"line":359,"column":16},"end":{"line":359,"column":232}},"217":{"start":{"line":361,"column":16},"end":{"line":361,"column":50}},"218":{"start":{"line":363,"column":16},"end":{"line":363,"column":33}},"219":{"start":{"line":366,"column":12},"end":{"line":372,"column":14}},"220":{"start":{"line":367,"column":28},"end":{"line":367,"column":78}},"221":{"start":{"line":369,"column":16},"end":{"line":369,"column":44}},"222":{"start":{"line":371,"column":16},"end":{"line":371,"column":50}},"223":{"start":{"line":374,"column":12},"end":{"line":382,"column":14}},"224":{"start":{"line":375,"column":16},"end":{"line":381,"column":17}},"225":{"start":{"line":376,"column":20},"end":{"line":376,"column":76}},"226":{"start":{"line":377,"column":20},"end":{"line":377,"column":44}},"227":{"start":{"line":379,"column":20},"end":{"line":379,"column":63}},"228":{"start":{"line":380,"column":20},"end":{"line":380,"column":94}},"229":{"start":{"line":386,"column":4},"end":{"line":386,"column":54}},"230":{"start":{"line":386,"column":21},"end":{"line":386,"column":53}},"231":{"start":{"line":388,"column":4},"end":{"line":706,"column":6}},"232":{"start":{"line":389,"column":8},"end":{"line":471,"column":10}},"233":{"start":{"line":392,"column":12},"end":{"line":397,"column":14}},"234":{"start":{"line":393,"column":16},"end":{"line":393,"column":46}},"235":{"start":{"line":394,"column":16},"end":{"line":394,"column":52}},"236":{"start":{"line":395,"column":16},"end":{"line":395,"column":54}},"237":{"start":{"line":396,"column":16},"end":{"line":396,"column":54}},"238":{"start":{"line":399,"column":12},"end":{"line":420,"column":14}},"239":{"start":{"line":400,"column":28},"end":{"line":400,"column":87}},"240":{"start":{"line":402,"column":16},"end":{"line":402,"column":43}},"241":{"start":{"line":404,"column":30},"end":{"line":404,"column":47}},"242":{"start":{"line":406,"column":16},"end":{"line":406,"column":48}},"243":{"start":{"line":408,"column":31},"end":{"line":408,"column":36}},"244":{"start":{"line":410,"column":16},"end":{"line":410,"column":49}},"245":{"start":{"line":411,"column":16},"end":{"line":411,"column":51}},"246":{"start":{"line":412,"column":16},"end":{"line":412,"column":54}},"247":{"start":{"line":413,"column":16},"end":{"line":413,"column":55}},"248":{"start":{"line":414,"column":16},"end":{"line":414,"column":55}},"249":{"start":{"line":416,"column":16},"end":{"line":416,"column":48}},"250":{"start":{"line":417,"column":16},"end":{"line":417,"column":54}},"251":{"start":{"line":418,"column":16},"end":{"line":418,"column":56}},"252":{"start":{"line":419,"column":16},"end":{"line":419,"column":56}},"253":{"start":{"line":422,"column":12},"end":{"line":424,"column":14}},"254":{"start":{"line":423,"column":16},"end":{"line":423,"column":137}},"255":{"start":{"line":423,"column":29},"end":{"line":423,"column":87}},"256":{"start":{"line":426,"column":12},"end":{"line":428,"column":14}},"257":{"start":{"line":427,"column":16},"end":{"line":427,"column":128}},"258":{"start":{"line":427,"column":29},"end":{"line":427,"column":80}},"259":{"start":{"line":430,"column":12},"end":{"line":432,"column":14}},"260":{"start":{"line":431,"column":16},"end":{"line":431,"column":135}},"261":{"start":{"line":431,"column":29},"end":{"line":431,"column":87}},"262":{"start":{"line":434,"column":12},"end":{"line":436,"column":14}},"263":{"start":{"line":435,"column":16},"end":{"line":435,"column":134}},"264":{"start":{"line":435,"column":29},"end":{"line":435,"column":84}},"265":{"start":{"line":438,"column":12},"end":{"line":440,"column":14}},"266":{"start":{"line":439,"column":16},"end":{"line":439,"column":128}},"267":{"start":{"line":439,"column":29},"end":{"line":439,"column":77}},"268":{"start":{"line":442,"column":12},"end":{"line":444,"column":14}},"269":{"start":{"line":443,"column":16},"end":{"line":443,"column":135}},"270":{"start":{"line":443,"column":29},"end":{"line":443,"column":84}},"271":{"start":{"line":445,"column":12},"end":{"line":447,"column":14}},"272":{"start":{"line":446,"column":16},"end":{"line":446,"column":133}},"273":{"start":{"line":446,"column":29},"end":{"line":446,"column":83}},"274":{"start":{"line":449,"column":12},"end":{"line":451,"column":14}},"275":{"start":{"line":450,"column":16},"end":{"line":450,"column":128}},"276":{"start":{"line":450,"column":29},"end":{"line":450,"column":76}},"277":{"start":{"line":453,"column":12},"end":{"line":455,"column":14}},"278":{"start":{"line":454,"column":16},"end":{"line":454,"column":135}},"279":{"start":{"line":454,"column":29},"end":{"line":454,"column":83}},"280":{"start":{"line":456,"column":12},"end":{"line":458,"column":14}},"281":{"start":{"line":457,"column":16},"end":{"line":457,"column":133}},"282":{"start":{"line":457,"column":29},"end":{"line":457,"column":83}},"283":{"start":{"line":460,"column":12},"end":{"line":462,"column":14}},"284":{"start":{"line":461,"column":16},"end":{"line":461,"column":128}},"285":{"start":{"line":461,"column":29},"end":{"line":461,"column":76}},"286":{"start":{"line":464,"column":12},"end":{"line":466,"column":14}},"287":{"start":{"line":465,"column":16},"end":{"line":465,"column":135}},"288":{"start":{"line":465,"column":29},"end":{"line":465,"column":83}},"289":{"start":{"line":468,"column":12},"end":{"line":470,"column":14}},"290":{"start":{"line":469,"column":16},"end":{"line":469,"column":155}},"291":{"start":{"line":469,"column":29},"end":{"line":469,"column":82}},"292":{"start":{"line":473,"column":8},"end":{"line":541,"column":10}},"293":{"start":{"line":476,"column":12},"end":{"line":483,"column":14}},"294":{"start":{"line":477,"column":16},"end":{"line":477,"column":46}},"295":{"start":{"line":478,"column":16},"end":{"line":478,"column":52}},"296":{"start":{"line":479,"column":16},"end":{"line":479,"column":54}},"297":{"start":{"line":480,"column":16},"end":{"line":482,"column":118}},"298":{"start":{"line":485,"column":12},"end":{"line":495,"column":14}},"299":{"start":{"line":486,"column":47},"end":{"line":486,"column":51}},"300":{"start":{"line":488,"column":27},"end":{"line":488,"column":75}},"301":{"start":{"line":490,"column":30},"end":{"line":490,"column":62}},"302":{"start":{"line":492,"column":16},"end":{"line":492,"column":35}},"303":{"start":{"line":493,"column":16},"end":{"line":493,"column":44}},"304":{"start":{"line":494,"column":16},"end":{"line":494,"column":45}},"305":{"start":{"line":497,"column":12},"end":{"line":499,"column":14}},"306":{"start":{"line":498,"column":16},"end":{"line":498,"column":127}},"307":{"start":{"line":498,"column":29},"end":{"line":498,"column":77}},"308":{"start":{"line":501,"column":12},"end":{"line":503,"column":14}},"309":{"start":{"line":502,"column":16},"end":{"line":502,"column":122}},"310":{"start":{"line":502,"column":29},"end":{"line":502,"column":70}},"311":{"start":{"line":505,"column":12},"end":{"line":507,"column":14}},"312":{"start":{"line":506,"column":16},"end":{"line":506,"column":129}},"313":{"start":{"line":506,"column":29},"end":{"line":506,"column":77}},"314":{"start":{"line":509,"column":12},"end":{"line":511,"column":14}},"315":{"start":{"line":510,"column":16},"end":{"line":510,"column":127}},"316":{"start":{"line":510,"column":29},"end":{"line":510,"column":77}},"317":{"start":{"line":513,"column":12},"end":{"line":515,"column":14}},"318":{"start":{"line":514,"column":16},"end":{"line":514,"column":122}},"319":{"start":{"line":514,"column":29},"end":{"line":514,"column":70}},"320":{"start":{"line":517,"column":12},"end":{"line":519,"column":14}},"321":{"start":{"line":518,"column":16},"end":{"line":518,"column":129}},"322":{"start":{"line":518,"column":29},"end":{"line":518,"column":77}},"323":{"start":{"line":521,"column":12},"end":{"line":529,"column":14}},"324":{"start":{"line":522,"column":16},"end":{"line":528,"column":17}},"325":{"start":{"line":523,"column":20},"end":{"line":523,"column":76}},"326":{"start":{"line":524,"column":20},"end":{"line":524,"column":44}},"327":{"start":{"line":526,"column":20},"end":{"line":526,"column":59}},"328":{"start":{"line":527,"column":20},"end":{"line":527,"column":80}},"329":{"start":{"line":531,"column":12},"end":{"line":539,"column":14}},"330":{"start":{"line":532,"column":16},"end":{"line":538,"column":17}},"331":{"start":{"line":533,"column":20},"end":{"line":533,"column":76}},"332":{"start":{"line":534,"column":20},"end":{"line":534,"column":44}},"333":{"start":{"line":536,"column":20},"end":{"line":536,"column":59}},"334":{"start":{"line":537,"column":20},"end":{"line":537,"column":80}},"335":{"start":{"line":543,"column":8},"end":{"line":584,"column":10}},"336":{"start":{"line":546,"column":12},"end":{"line":553,"column":14}},"337":{"start":{"line":547,"column":16},"end":{"line":547,"column":46}},"338":{"start":{"line":548,"column":16},"end":{"line":548,"column":52}},"339":{"start":{"line":549,"column":16},"end":{"line":549,"column":54}},"340":{"start":{"line":550,"column":16},"end":{"line":552,"column":118}},"341":{"start":{"line":555,"column":12},"end":{"line":573,"column":14}},"342":{"start":{"line":556,"column":30},"end":{"line":556,"column":63}},"343":{"start":{"line":558,"column":16},"end":{"line":558,"column":56}},"344":{"start":{"line":560,"column":133},"end":{"line":560,"column":138}},"345":{"start":{"line":562,"column":16},"end":{"line":562,"column":35}},"346":{"start":{"line":563,"column":16},"end":{"line":563,"column":44}},"347":{"start":{"line":564,"column":16},"end":{"line":564,"column":44}},"348":{"start":{"line":565,"column":16},"end":{"line":565,"column":48}},"349":{"start":{"line":566,"column":16},"end":{"line":566,"column":54}},"350":{"start":{"line":567,"column":16},"end":{"line":567,"column":56}},"351":{"start":{"line":568,"column":16},"end":{"line":568,"column":48}},"352":{"start":{"line":569,"column":16},"end":{"line":569,"column":54}},"353":{"start":{"line":570,"column":16},"end":{"line":570,"column":59}},"354":{"start":{"line":571,"column":16},"end":{"line":571,"column":54}},"355":{"start":{"line":572,"column":16},"end":{"line":572,"column":52}},"356":{"start":{"line":575,"column":12},"end":{"line":583,"column":14}},"357":{"start":{"line":576,"column":16},"end":{"line":582,"column":17}},"358":{"start":{"line":577,"column":20},"end":{"line":577,"column":67}},"359":{"start":{"line":578,"column":20},"end":{"line":578,"column":44}},"360":{"start":{"line":580,"column":20},"end":{"line":580,"column":63}},"361":{"start":{"line":581,"column":20},"end":{"line":581,"column":80}},"362":{"start":{"line":708,"column":4},"end":{"line":708,"column":53}},"363":{"start":{"line":708,"column":20},"end":{"line":708,"column":52}},"364":{"start":{"line":711,"column":4},"end":{"line":711,"column":38}},"365":{"start":{"line":711,"column":16},"end":{"line":711,"column":37}}},"fnMap":{"0":{"name":"(anonymous_0)","decl":{"start":{"line":15,"column":18},"end":{"line":15,"column":19}},"loc":{"start":{"line":15,"column":24},"end":{"line":712,"column":1}},"line":15},"1":{"name":"(anonymous_1)","decl":{"start":{"line":16,"column":11},"end":{"line":16,"column":12}},"loc":{"start":{"line":16,"column":17},"end":{"line":16,"column":93}},"line":16},"2":{"name":"(anonymous_2)","decl":{"start":{"line":18,"column":15},"end":{"line":18,"column":16}},"loc":{"start":{"line":18,"column":27},"end":{"line":22,"column":5}},"line":18},"3":{"name":"(anonymous_3)","decl":{"start":{"line":24,"column":22},"end":{"line":24,"column":23}},"loc":{"start":{"line":24,"column":28},"end":{"line":232,"column":5}},"line":24},"4":{"name":"(anonymous_4)","decl":{"start":{"line":25,"column":39},"end":{"line":25,"column":40}},"loc":{"start":{"line":25,"column":45},"end":{"line":231,"column":9}},"line":25},"5":{"name":"(anonymous_5)","decl":{"start":{"line":26,"column":49},"end":{"line":26,"column":50}},"loc":{"start":{"line":26,"column":61},"end":{"line":41,"column":13}},"line":26},"6":{"name":"(anonymous_6)","decl":{"start":{"line":43,"column":96},"end":{"line":43,"column":97}},"loc":{"start":{"line":43,"column":108},"end":{"line":58,"column":13}},"line":43},"7":{"name":"(anonymous_7)","decl":{"start":{"line":60,"column":52},"end":{"line":60,"column":53}},"loc":{"start":{"line":60,"column":64},"end":{"line":68,"column":13}},"line":60},"8":{"name":"(anonymous_8)","decl":{"start":{"line":70,"column":55},"end":{"line":70,"column":56}},"loc":{"start":{"line":70,"column":67},"end":{"line":78,"column":13}},"line":70},"9":{"name":"(anonymous_9)","decl":{"start":{"line":80,"column":48},"end":{"line":80,"column":49}},"loc":{"start":{"line":80,"column":60},"end":{"line":88,"column":13}},"line":80},"10":{"name":"(anonymous_10)","decl":{"start":{"line":90,"column":56},"end":{"line":90,"column":57}},"loc":{"start":{"line":90,"column":68},"end":{"line":98,"column":13}},"line":90},"11":{"name":"(anonymous_11)","decl":{"start":{"line":100,"column":48},"end":{"line":100,"column":49}},"loc":{"start":{"line":100,"column":60},"end":{"line":108,"column":13}},"line":100},"12":{"name":"(anonymous_12)","decl":{"start":{"line":110,"column":51},"end":{"line":110,"column":52}},"loc":{"start":{"line":110,"column":63},"end":{"line":118,"column":13}},"line":110},"13":{"name":"(anonymous_13)","decl":{"start":{"line":120,"column":44},"end":{"line":120,"column":45}},"loc":{"start":{"line":120,"column":56},"end":{"line":128,"column":13}},"line":120},"14":{"name":"(anonymous_14)","decl":{"start":{"line":130,"column":46},"end":{"line":130,"column":47}},"loc":{"start":{"line":130,"column":58},"end":{"line":138,"column":13}},"line":130},"15":{"name":"(anonymous_15)","decl":{"start":{"line":140,"column":64},"end":{"line":140,"column":65}},"loc":{"start":{"line":140,"column":76},"end":{"line":148,"column":13}},"line":140},"16":{"name":"(anonymous_16)","decl":{"start":{"line":150,"column":67},"end":{"line":150,"column":68}},"loc":{"start":{"line":150,"column":79},"end":{"line":158,"column":13}},"line":150},"17":{"name":"(anonymous_17)","decl":{"start":{"line":160,"column":60},"end":{"line":160,"column":61}},"loc":{"start":{"line":160,"column":72},"end":{"line":168,"column":13}},"line":160},"18":{"name":"(anonymous_18)","decl":{"start":{"line":170,"column":70},"end":{"line":170,"column":71}},"loc":{"start":{"line":170,"column":82},"end":{"line":179,"column":13}},"line":170},"19":{"name":"(anonymous_19)","decl":{"start":{"line":181,"column":63},"end":{"line":181,"column":64}},"loc":{"start":{"line":181,"column":75},"end":{"line":189,"column":13}},"line":181},"20":{"name":"(anonymous_20)","decl":{"start":{"line":191,"column":67},"end":{"line":191,"column":68}},"loc":{"start":{"line":191,"column":79},"end":{"line":199,"column":13}},"line":191},"21":{"name":"(anonymous_21)","decl":{"start":{"line":201,"column":76},"end":{"line":201,"column":77}},"loc":{"start":{"line":201,"column":88},"end":{"line":210,"column":13}},"line":201},"22":{"name":"(anonymous_22)","decl":{"start":{"line":212,"column":64},"end":{"line":212,"column":65}},"loc":{"start":{"line":212,"column":76},"end":{"line":220,"column":13}},"line":212},"23":{"name":"(anonymous_23)","decl":{"start":{"line":222,"column":62},"end":{"line":222,"column":63}},"loc":{"start":{"line":222,"column":74},"end":{"line":230,"column":13}},"line":222},"24":{"name":"(anonymous_24)","decl":{"start":{"line":234,"column":26},"end":{"line":234,"column":27}},"loc":{"start":{"line":234,"column":32},"end":{"line":384,"column":5}},"line":234},"25":{"name":"(anonymous_25)","decl":{"start":{"line":236,"column":33},"end":{"line":236,"column":34}},"loc":{"start":{"line":236,"column":39},"end":{"line":346,"column":9}},"line":236},"26":{"name":"(anonymous_26)","decl":{"start":{"line":239,"column":23},"end":{"line":239,"column":24}},"loc":{"start":{"line":239,"column":35},"end":{"line":248,"column":13}},"line":239},"27":{"name":"(anonymous_27)","decl":{"start":{"line":250,"column":49},"end":{"line":250,"column":50}},"loc":{"start":{"line":250,"column":61},"end":{"line":263,"column":13}},"line":250},"28":{"name":"(anonymous_28)","decl":{"start":{"line":265,"column":51},"end":{"line":265,"column":52}},"loc":{"start":{"line":265,"column":63},"end":{"line":278,"column":13}},"line":265},"29":{"name":"(anonymous_29)","decl":{"start":{"line":280,"column":51},"end":{"line":280,"column":52}},"loc":{"start":{"line":280,"column":63},"end":{"line":292,"column":13}},"line":280},"30":{"name":"(anonymous_30)","decl":{"start":{"line":293,"column":47},"end":{"line":293,"column":48}},"loc":{"start":{"line":293,"column":59},"end":{"line":305,"column":13}},"line":293},"31":{"name":"(anonymous_31)","decl":{"start":{"line":307,"column":47},"end":{"line":307,"column":48}},"loc":{"start":{"line":307,"column":59},"end":{"line":320,"column":13}},"line":307},"32":{"name":"(anonymous_32)","decl":{"start":{"line":322,"column":63},"end":{"line":322,"column":64}},"loc":{"start":{"line":322,"column":75},"end":{"line":333,"column":13}},"line":322},"33":{"name":"(anonymous_33)","decl":{"start":{"line":335,"column":64},"end":{"line":335,"column":65}},"loc":{"start":{"line":335,"column":76},"end":{"line":344,"column":13}},"line":335},"34":{"name":"(anonymous_34)","decl":{"start":{"line":348,"column":36},"end":{"line":348,"column":37}},"loc":{"start":{"line":348,"column":42},"end":{"line":383,"column":9}},"line":348},"35":{"name":"(anonymous_35)","decl":{"start":{"line":351,"column":23},"end":{"line":351,"column":24}},"loc":{"start":{"line":351,"column":35},"end":{"line":364,"column":13}},"line":351},"36":{"name":"(anonymous_36)","decl":{"start":{"line":366,"column":49},"end":{"line":366,"column":50}},"loc":{"start":{"line":366,"column":61},"end":{"line":372,"column":13}},"line":366},"37":{"name":"(anonymous_37)","decl":{"start":{"line":374,"column":48},"end":{"line":374,"column":49}},"loc":{"start":{"line":374,"column":60},"end":{"line":382,"column":13}},"line":374},"38":{"name":"(anonymous_38)","decl":{"start":{"line":386,"column":15},"end":{"line":386,"column":16}},"loc":{"start":{"line":386,"column":21},"end":{"line":386,"column":53}},"line":386},"39":{"name":"(anonymous_39)","decl":{"start":{"line":388,"column":21},"end":{"line":388,"column":22}},"loc":{"start":{"line":388,"column":27},"end":{"line":706,"column":5}},"line":388},"40":{"name":"(anonymous_40)","decl":{"start":{"line":389,"column":29},"end":{"line":389,"column":30}},"loc":{"start":{"line":389,"column":35},"end":{"line":471,"column":9}},"line":389},"41":{"name":"(anonymous_41)","decl":{"start":{"line":392,"column":23},"end":{"line":392,"column":24}},"loc":{"start":{"line":392,"column":29},"end":{"line":397,"column":13}},"line":392},"42":{"name":"(anonymous_42)","decl":{"start":{"line":399,"column":49},"end":{"line":399,"column":50}},"loc":{"start":{"line":399,"column":61},"end":{"line":420,"column":13}},"line":399},"43":{"name":"(anonymous_43)","decl":{"start":{"line":422,"column":48},"end":{"line":422,"column":49}},"loc":{"start":{"line":422,"column":54},"end":{"line":424,"column":13}},"line":422},"44":{"name":"(anonymous_44)","decl":{"start":{"line":423,"column":23},"end":{"line":423,"column":24}},"loc":{"start":{"line":423,"column":29},"end":{"line":423,"column":87}},"line":423},"45":{"name":"(anonymous_45)","decl":{"start":{"line":426,"column":44},"end":{"line":426,"column":45}},"loc":{"start":{"line":426,"column":50},"end":{"line":428,"column":13}},"line":426},"46":{"name":"(anonymous_46)","decl":{"start":{"line":427,"column":23},"end":{"line":427,"column":24}},"loc":{"start":{"line":427,"column":29},"end":{"line":427,"column":80}},"line":427},"47":{"name":"(anonymous_47)","decl":{"start":{"line":430,"column":44},"end":{"line":430,"column":45}},"loc":{"start":{"line":430,"column":50},"end":{"line":432,"column":13}},"line":430},"48":{"name":"(anonymous_48)","decl":{"start":{"line":431,"column":23},"end":{"line":431,"column":24}},"loc":{"start":{"line":431,"column":29},"end":{"line":431,"column":87}},"line":431},"49":{"name":"(anonymous_49)","decl":{"start":{"line":434,"column":51},"end":{"line":434,"column":52}},"loc":{"start":{"line":434,"column":57},"end":{"line":436,"column":13}},"line":434},"50":{"name":"(anonymous_50)","decl":{"start":{"line":435,"column":23},"end":{"line":435,"column":24}},"loc":{"start":{"line":435,"column":29},"end":{"line":435,"column":84}},"line":435},"51":{"name":"(anonymous_51)","decl":{"start":{"line":438,"column":47},"end":{"line":438,"column":48}},"loc":{"start":{"line":438,"column":53},"end":{"line":440,"column":13}},"line":438},"52":{"name":"(anonymous_52)","decl":{"start":{"line":439,"column":23},"end":{"line":439,"column":24}},"loc":{"start":{"line":439,"column":29},"end":{"line":439,"column":77}},"line":439},"53":{"name":"(anonymous_53)","decl":{"start":{"line":442,"column":47},"end":{"line":442,"column":48}},"loc":{"start":{"line":442,"column":53},"end":{"line":444,"column":13}},"line":442},"54":{"name":"(anonymous_54)","decl":{"start":{"line":443,"column":23},"end":{"line":443,"column":24}},"loc":{"start":{"line":443,"column":29},"end":{"line":443,"column":84}},"line":443},"55":{"name":"(anonymous_55)","decl":{"start":{"line":445,"column":52},"end":{"line":445,"column":53}},"loc":{"start":{"line":445,"column":58},"end":{"line":447,"column":13}},"line":445},"56":{"name":"(anonymous_56)","decl":{"start":{"line":446,"column":23},"end":{"line":446,"column":24}},"loc":{"start":{"line":446,"column":29},"end":{"line":446,"column":83}},"line":446},"57":{"name":"(anonymous_57)","decl":{"start":{"line":449,"column":48},"end":{"line":449,"column":49}},"loc":{"start":{"line":449,"column":54},"end":{"line":451,"column":13}},"line":449},"58":{"name":"(anonymous_58)","decl":{"start":{"line":450,"column":23},"end":{"line":450,"column":24}},"loc":{"start":{"line":450,"column":29},"end":{"line":450,"column":76}},"line":450},"59":{"name":"(anonymous_59)","decl":{"start":{"line":453,"column":48},"end":{"line":453,"column":49}},"loc":{"start":{"line":453,"column":54},"end":{"line":455,"column":13}},"line":453},"60":{"name":"(anonymous_60)","decl":{"start":{"line":454,"column":23},"end":{"line":454,"column":24}},"loc":{"start":{"line":454,"column":29},"end":{"line":454,"column":83}},"line":454},"61":{"name":"(anonymous_61)","decl":{"start":{"line":456,"column":52},"end":{"line":456,"column":53}},"loc":{"start":{"line":456,"column":58},"end":{"line":458,"column":13}},"line":456},"62":{"name":"(anonymous_62)","decl":{"start":{"line":457,"column":23},"end":{"line":457,"column":24}},"loc":{"start":{"line":457,"column":29},"end":{"line":457,"column":83}},"line":457},"63":{"name":"(anonymous_63)","decl":{"start":{"line":460,"column":48},"end":{"line":460,"column":49}},"loc":{"start":{"line":460,"column":54},"end":{"line":462,"column":13}},"line":460},"64":{"name":"(anonymous_64)","decl":{"start":{"line":461,"column":23},"end":{"line":461,"column":24}},"loc":{"start":{"line":461,"column":29},"end":{"line":461,"column":76}},"line":461},"65":{"name":"(anonymous_65)","decl":{"start":{"line":464,"column":48},"end":{"line":464,"column":49}},"loc":{"start":{"line":464,"column":54},"end":{"line":466,"column":13}},"line":464},"66":{"name":"(anonymous_66)","decl":{"start":{"line":465,"column":23},"end":{"line":465,"column":24}},"loc":{"start":{"line":465,"column":29},"end":{"line":465,"column":83}},"line":465},"67":{"name":"(anonymous_67)","decl":{"start":{"line":468,"column":61},"end":{"line":468,"column":62}},"loc":{"start":{"line":468,"column":67},"end":{"line":470,"column":13}},"line":468},"68":{"name":"(anonymous_68)","decl":{"start":{"line":469,"column":23},"end":{"line":469,"column":24}},"loc":{"start":{"line":469,"column":29},"end":{"line":469,"column":82}},"line":469},"69":{"name":"(anonymous_69)","decl":{"start":{"line":473,"column":33},"end":{"line":473,"column":34}},"loc":{"start":{"line":473,"column":39},"end":{"line":541,"column":9}},"line":473},"70":{"name":"(anonymous_70)","decl":{"start":{"line":476,"column":23},"end":{"line":476,"column":24}},"loc":{"start":{"line":476,"column":29},"end":{"line":483,"column":13}},"line":476},"71":{"name":"(anonymous_71)","decl":{"start":{"line":485,"column":61},"end":{"line":485,"column":62}},"loc":{"start":{"line":485,"column":73},"end":{"line":495,"column":13}},"line":485},"72":{"name":"(anonymous_72)","decl":{"start":{"line":497,"column":52},"end":{"line":497,"column":53}},"loc":{"start":{"line":497,"column":58},"end":{"line":499,"column":13}},"line":497},"73":{"name":"(anonymous_73)","decl":{"start":{"line":498,"column":23},"end":{"line":498,"column":24}},"loc":{"start":{"line":498,"column":29},"end":{"line":498,"column":77}},"line":498},"74":{"name":"(anonymous_74)","decl":{"start":{"line":501,"column":48},"end":{"line":501,"column":49}},"loc":{"start":{"line":501,"column":54},"end":{"line":503,"column":13}},"line":501},"75":{"name":"(anonymous_75)","decl":{"start":{"line":502,"column":23},"end":{"line":502,"column":24}},"loc":{"start":{"line":502,"column":29},"end":{"line":502,"column":70}},"line":502},"76":{"name":"(anonymous_76)","decl":{"start":{"line":505,"column":48},"end":{"line":505,"column":49}},"loc":{"start":{"line":505,"column":54},"end":{"line":507,"column":13}},"line":505},"77":{"name":"(anonymous_77)","decl":{"start":{"line":506,"column":23},"end":{"line":506,"column":24}},"loc":{"start":{"line":506,"column":29},"end":{"line":506,"column":77}},"line":506},"78":{"name":"(anonymous_78)","decl":{"start":{"line":509,"column":52},"end":{"line":509,"column":53}},"loc":{"start":{"line":509,"column":58},"end":{"line":511,"column":13}},"line":509},"79":{"name":"(anonymous_79)","decl":{"start":{"line":510,"column":23},"end":{"line":510,"column":24}},"loc":{"start":{"line":510,"column":29},"end":{"line":510,"column":77}},"line":510},"80":{"name":"(anonymous_80)","decl":{"start":{"line":513,"column":48},"end":{"line":513,"column":49}},"loc":{"start":{"line":513,"column":54},"end":{"line":515,"column":13}},"line":513},"81":{"name":"(anonymous_81)","decl":{"start":{"line":514,"column":23},"end":{"line":514,"column":24}},"loc":{"start":{"line":514,"column":29},"end":{"line":514,"column":70}},"line":514},"82":{"name":"(anonymous_82)","decl":{"start":{"line":517,"column":48},"end":{"line":517,"column":49}},"loc":{"start":{"line":517,"column":54},"end":{"line":519,"column":13}},"line":517},"83":{"name":"(anonymous_83)","decl":{"start":{"line":518,"column":23},"end":{"line":518,"column":24}},"loc":{"start":{"line":518,"column":29},"end":{"line":518,"column":77}},"line":518},"84":{"name":"(anonymous_84)","decl":{"start":{"line":521,"column":52},"end":{"line":521,"column":53}},"loc":{"start":{"line":521,"column":64},"end":{"line":529,"column":13}},"line":521},"85":{"name":"(anonymous_85)","decl":{"start":{"line":531,"column":52},"end":{"line":531,"column":53}},"loc":{"start":{"line":531,"column":64},"end":{"line":539,"column":13}},"line":531},"86":{"name":"(anonymous_86)","decl":{"start":{"line":543,"column":29},"end":{"line":543,"column":30}},"loc":{"start":{"line":543,"column":35},"end":{"line":584,"column":9}},"line":543},"87":{"name":"(anonymous_87)","decl":{"start":{"line":546,"column":23},"end":{"line":546,"column":24}},"loc":{"start":{"line":546,"column":29},"end":{"line":553,"column":13}},"line":546},"88":{"name":"(anonymous_88)","decl":{"start":{"line":555,"column":45},"end":{"line":555,"column":46}},"loc":{"start":{"line":555,"column":57},"end":{"line":573,"column":13}},"line":555},"89":{"name":"(anonymous_89)","decl":{"start":{"line":575,"column":46},"end":{"line":575,"column":47}},"loc":{"start":{"line":575,"column":58},"end":{"line":583,"column":13}},"line":575},"90":{"name":"(anonymous_90)","decl":{"start":{"line":708,"column":14},"end":{"line":708,"column":15}},"loc":{"start":{"line":708,"column":20},"end":{"line":708,"column":52}},"line":708},"91":{"name":"(anonymous_91)","decl":{"start":{"line":711,"column":10},"end":{"line":711,"column":11}},"loc":{"start":{"line":711,"column":16},"end":{"line":711,"column":37}},"line":711}},"branchMap":{},"s":{"0":1,"1":1,"2":1,"3":1,"4":1,"5":1,"6":1,"7":1,"8":1,"9":1,"10":1,"11":1,"12":1,"13":1,"14":1,"15":43,"16":43,"17":1,"18":1,"19":1,"20":1,"21":1,"22":1,"23":1,"24":1,"25":1,"26":0,"27":0,"28":0,"29":0,"30":0,"31":0,"32":1,"33":1,"34":1,"35":1,"36":1,"37":1,"38":1,"39":1,"40":1,"41":1,"42":1,"43":1,"44":1,"45":1,"46":1,"47":1,"48":1,"49":0,"50":1,"51":1,"52":1,"53":1,"54":1,"55":0,"56":1,"57":1,"58":1,"59":1,"60":1,"61":0,"62":1,"63":1,"64":1,"65":1,"66":1,"67":0,"68":1,"69":1,"70":1,"71":1,"72":1,"73":0,"74":1,"75":1,"76":1,"77":1,"78":1,"79":0,"80":1,"81":1,"82":1,"83":1,"84":1,"85":0,"86":1,"87":1,"88":1,"89":1,"90":1,"91":0,"92":1,"93":1,"94":1,"95":1,"96":1,"97":0,"98":1,"99":1,"100":1,"101":1,"102":1,"103":0,"104":1,"105":1,"106":1,"107":1,"108":1,"109":0,"110":1,"111":1,"112":1,"113":1,"114":1,"115":0,"116":1,"117":1,"118":1,"119":1,"120":1,"121":0,"122":1,"123":1,"124":1,"125":1,"126":1,"127":0,"128":1,"129":1,"130":1,"131":1,"132":1,"133":0,"134":1,"135":1,"136":1,"137":1,"138":1,"139":0,"140":1,"141":1,"142":1,"143":1,"144":1,"145":0,"146":1,"147":1,"148":1,"149":1,"150":1,"151":7,"152":7,"153":7,"154":7,"155":7,"156":7,"157":1,"158":1,"159":1,"160":1,"161":1,"162":1,"163":1,"164":1,"165":1,"166":1,"167":1,"168":1,"169":1,"170":1,"171":0,"172":1,"173":1,"174":1,"175":1,"176":1,"177":1,"178":0,"179":1,"180":1,"181":1,"182":1,"183":1,"184":1,"185":0,"186":1,"187":1,"188":1,"189":1,"190":1,"191":1,"192":1,"193":0,"194":1,"195":1,"196":1,"197":1,"198":1,"199":1,"200":0,"201":1,"202":1,"203":1,"204":1,"205":1,"206":1,"207":0,"208":1,"209":0,"210":1,"211":1,"212":1,"213":1,"214":1,"215":1,"216":0,"217":0,"218":0,"219":1,"220":0,"221":0,"222":0,"223":1,"224":0,"225":0,"226":0,"227":0,"228":0,"229":1,"230":43,"231":1,"232":1,"233":1,"234":14,"235":14,"236":14,"237":14,"238":1,"239":1,"240":1,"241":1,"242":1,"243":1,"244":1,"245":1,"246":1,"247":1,"248":1,"249":1,"250":1,"251":1,"252":1,"253":1,"254":1,"255":1,"256":1,"257":1,"258":1,"259":1,"260":1,"261":1,"262":1,"263":1,"264":1,"265":1,"266":1,"267":1,"268":1,"269":1,"270":1,"271":1,"272":1,"273":1,"274":1,"275":1,"276":1,"277":1,"278":1,"279":1,"280":1,"281":1,"282":1,"283":1,"284":1,"285":1,"286":1,"287":1,"288":1,"289":1,"290":1,"291":1,"292":1,"293":1,"294":1,"295":1,"296":1,"297":1,"298":1,"299":0,"300":0,"301":0,"302":0,"303":0,"304":0,"305":1,"306":0,"307":0,"308":1,"309":0,"310":0,"311":1,"312":0,"313":0,"314":1,"315":0,"316":0,"317":1,"318":0,"319":0,"320":1,"321":0,"322":0,"323":1,"324":0,"325":0,"326":0,"327":0,"328":0,"329":1,"330":0,"331":0,"332":0,"333":0,"334":0,"335":1,"336":1,"337":1,"338":1,"339":1,"340":1,"341":1,"342":0,"343":0,"344":0,"345":0,"346":0,"347":0,"348":0,"349":0,"350":0,"351":0,"352":0,"353":0,"354":0,"355":0,"356":1,"357":0,"358":0,"359":0,"360":0,"361":0,"362":1,"363":43,"364":1,"365":1},"f":{"0":1,"1":1,"2":43,"3":1,"4":1,"5":1,"6":1,"7":1,"8":1,"9":1,"10":1,"11":1,"12":1,"13":1,"14":1,"15":1,"16":1,"17":1,"18":1,"19":1,"20":1,"21":1,"22":1,"23":1,"24":1,"25":1,"26":7,"27":1,"28":1,"29":1,"30":1,"31":1,"32":1,"33":1,"34":1,"35":1,"36":0,"37":0,"38":43,"39":1,"40":1,"41":14,"42":1,"43":1,"44":1,"45":1,"46":1,"47":1,"48":1,"49":1,"50":1,"51":1,"52":1,"53":1,"54":1,"55":1,"56":1,"57":1,"58":1,"59":1,"60":1,"61":1,"62":1,"63":1,"64":1,"65":1,"66":1,"67":1,"68":1,"69":1,"70":1,"71":0,"72":0,"73":0,"74":0,"75":0,"76":0,"77":0,"78":0,"79":0,"80":0,"81":0,"82":0,"83":0,"84":0,"85":0,"86":1,"87":1,"88":0,"89":0,"90":43,"91":1},"b":{},"_coverageSchema":"43e27e138ebf9cfc5966b082cf9a028302ed4184","hash":"0ea6a4440f8502c9224cf6fd1f6a97079626018b","contentHash":"4ab1ff036f1db2603bc10b351937f70a"},"C:\\Users\\almui\\bootcamp\\collab\\skylab-bootcamp-201809\\staff\\almu-itur\\easymeals\\easymeals-api\\logic\\index.js":{"path":"C:\\Users\\almui\\bootcamp\\collab\\skylab-bootcamp-201809\\staff\\almu-itur\\easymeals\\easymeals-api\\logic\\index.js","statementMap":{"0":{"start":{"line":1,"column":85},"end":{"line":1,"column":110}},"1":{"start":{"line":2,"column":86},"end":{"line":2,"column":106}},"2":{"start":{"line":3,"column":17},"end":{"line":3,"column":45}},"3":{"start":{"line":4,"column":11},"end":{"line":4,"column":24}},"4":{"start":{"line":5,"column":13},"end":{"line":5,"column":28}},"5":{"start":{"line":7,"column":14},"end":{"line":607,"column":1}},"6":{"start":{"line":9,"column":8},"end":{"line":9,"column":224}},"7":{"start":{"line":11,"column":8},"end":{"line":20,"column":12}},"8":{"start":{"line":13,"column":23},"end":{"line":13,"column":55}},"9":{"start":{"line":15,"column":12},"end":{"line":15,"column":93}},"10":{"start":{"line":15,"column":22},"end":{"line":15,"column":93}},"11":{"start":{"line":17,"column":12},"end":{"line":17,"column":66}},"12":{"start":{"line":19,"column":12},"end":{"line":19,"column":29}},"13":{"start":{"line":25,"column":8},"end":{"line":25,"column":126}},"14":{"start":{"line":27,"column":8},"end":{"line":33,"column":12}},"15":{"start":{"line":28,"column":25},"end":{"line":28,"column":57}},"16":{"start":{"line":30,"column":12},"end":{"line":30,"column":104}},"17":{"start":{"line":30,"column":53},"end":{"line":30,"column":104}},"18":{"start":{"line":32,"column":12},"end":{"line":32,"column":26}},"19":{"start":{"line":37,"column":8},"end":{"line":37,"column":60}},"20":{"start":{"line":38,"column":8},"end":{"line":46,"column":12}},"21":{"start":{"line":39,"column":25},"end":{"line":39,"column":90}},"22":{"start":{"line":41,"column":12},"end":{"line":41,"column":78}},"23":{"start":{"line":41,"column":23},"end":{"line":41,"column":78}},"24":{"start":{"line":43,"column":12},"end":{"line":43,"column":24}},"25":{"start":{"line":45,"column":12},"end":{"line":45,"column":23}},"26":{"start":{"line":50,"column":8},"end":{"line":58,"column":10}},"27":{"start":{"line":60,"column":8},"end":{"line":87,"column":12}},"28":{"start":{"line":62,"column":25},"end":{"line":62,"column":48}},"29":{"start":{"line":64,"column":12},"end":{"line":64,"column":78}},"30":{"start":{"line":64,"column":23},"end":{"line":64,"column":78}},"31":{"start":{"line":66,"column":12},"end":{"line":66,"column":86}},"32":{"start":{"line":66,"column":47},"end":{"line":66,"column":86}},"33":{"start":{"line":68,"column":12},"end":{"line":85,"column":13}},"34":{"start":{"line":69,"column":30},"end":{"line":69,"column":62}},"35":{"start":{"line":71,"column":16},"end":{"line":71,"column":94}},"36":{"start":{"line":71,"column":27},"end":{"line":71,"column":94}},"37":{"start":{"line":73,"column":16},"end":{"line":73,"column":50}},"38":{"start":{"line":74,"column":16},"end":{"line":74,"column":59}},"39":{"start":{"line":75,"column":16},"end":{"line":75,"column":40}},"40":{"start":{"line":77,"column":16},"end":{"line":77,"column":138}},"41":{"start":{"line":77,"column":79},"end":{"line":77,"column":138}},"42":{"start":{"line":78,"column":16},"end":{"line":78,"column":43}},"43":{"start":{"line":80,"column":16},"end":{"line":80,"column":33}},"44":{"start":{"line":82,"column":16},"end":{"line":82,"column":50}},"45":{"start":{"line":83,"column":16},"end":{"line":83,"column":59}},"46":{"start":{"line":84,"column":16},"end":{"line":84,"column":68}},"47":{"start":{"line":86,"column":12},"end":{"line":86,"column":29}},"48":{"start":{"line":91,"column":8},"end":{"line":91,"column":16}},"49":{"start":{"line":92,"column":8},"end":{"line":101,"column":10}},"50":{"start":{"line":103,"column":28},"end":{"line":109,"column":9}},"51":{"start":{"line":111,"column":8},"end":{"line":111,"column":74}},"52":{"start":{"line":111,"column":33},"end":{"line":111,"column":74}},"53":{"start":{"line":113,"column":8},"end":{"line":113,"column":47}},"54":{"start":{"line":113,"column":20},"end":{"line":113,"column":47}},"55":{"start":{"line":115,"column":8},"end":{"line":115,"column":50}},"56":{"start":{"line":115,"column":21},"end":{"line":115,"column":50}},"57":{"start":{"line":117,"column":8},"end":{"line":147,"column":12}},"58":{"start":{"line":119,"column":26},"end":{"line":119,"column":61}},"59":{"start":{"line":133,"column":23},"end":{"line":133,"column":25}},"60":{"start":{"line":134,"column":12},"end":{"line":140,"column":13}},"61":{"start":{"line":135,"column":16},"end":{"line":135,"column":70}},"62":{"start":{"line":136,"column":16},"end":{"line":136,"column":31}},"63":{"start":{"line":137,"column":27},"end":{"line":137,"column":50}},"64":{"start":{"line":138,"column":16},"end":{"line":138,"column":45}},"65":{"start":{"line":139,"column":16},"end":{"line":139,"column":31}},"66":{"start":{"line":146,"column":12},"end":{"line":146,"column":23}},"67":{"start":{"line":151,"column":8},"end":{"line":154,"column":10}},"68":{"start":{"line":156,"column":8},"end":{"line":156,"column":80}},"69":{"start":{"line":156,"column":35},"end":{"line":156,"column":80}},"70":{"start":{"line":158,"column":8},"end":{"line":168,"column":12}},"71":{"start":{"line":160,"column":25},"end":{"line":160,"column":48}},"72":{"start":{"line":162,"column":12},"end":{"line":162,"column":78}},"73":{"start":{"line":162,"column":23},"end":{"line":162,"column":78}},"74":{"start":{"line":165,"column":12},"end":{"line":165,"column":46}},"75":{"start":{"line":167,"column":12},"end":{"line":167,"column":29}},"76":{"start":{"line":172,"column":8},"end":{"line":175,"column":10}},"77":{"start":{"line":176,"column":8},"end":{"line":186,"column":12}},"78":{"start":{"line":178,"column":25},"end":{"line":178,"column":48}},"79":{"start":{"line":179,"column":12},"end":{"line":179,"column":78}},"80":{"start":{"line":179,"column":23},"end":{"line":179,"column":78}},"81":{"start":{"line":181,"column":12},"end":{"line":181,"column":94}},"82":{"start":{"line":181,"column":38},"end":{"line":181,"column":94}},"83":{"start":{"line":183,"column":12},"end":{"line":183,"column":106}},"84":{"start":{"line":183,"column":75},"end":{"line":183,"column":104}},"85":{"start":{"line":185,"column":12},"end":{"line":185,"column":29}},"86":{"start":{"line":190,"column":8},"end":{"line":190,"column":224}},"87":{"start":{"line":192,"column":8},"end":{"line":197,"column":12}},"88":{"start":{"line":194,"column":12},"end":{"line":194,"column":193}},"89":{"start":{"line":196,"column":12},"end":{"line":196,"column":29}},"90":{"start":{"line":202,"column":8},"end":{"line":205,"column":10}},"91":{"start":{"line":206,"column":8},"end":{"line":216,"column":12}},"92":{"start":{"line":208,"column":25},"end":{"line":208,"column":48}},"93":{"start":{"line":210,"column":12},"end":{"line":210,"column":78}},"94":{"start":{"line":210,"column":23},"end":{"line":210,"column":78}},"95":{"start":{"line":211,"column":12},"end":{"line":211,"column":127}},"96":{"start":{"line":211,"column":63},"end":{"line":211,"column":127}},"97":{"start":{"line":213,"column":12},"end":{"line":213,"column":53}},"98":{"start":{"line":215,"column":12},"end":{"line":215,"column":29}},"99":{"start":{"line":221,"column":8},"end":{"line":224,"column":10}},"100":{"start":{"line":225,"column":8},"end":{"line":239,"column":12}},"101":{"start":{"line":227,"column":25},"end":{"line":227,"column":48}},"102":{"start":{"line":229,"column":12},"end":{"line":229,"column":78}},"103":{"start":{"line":229,"column":23},"end":{"line":229,"column":78}},"104":{"start":{"line":230,"column":12},"end":{"line":230,"column":99}},"105":{"start":{"line":230,"column":38},"end":{"line":230,"column":99}},"106":{"start":{"line":231,"column":12},"end":{"line":231,"column":20}},"107":{"start":{"line":232,"column":12},"end":{"line":232,"column":121}},"108":{"start":{"line":232,"column":66},"end":{"line":232,"column":121}},"109":{"start":{"line":234,"column":12},"end":{"line":236,"column":14}},"110":{"start":{"line":235,"column":16},"end":{"line":235,"column":53}},"111":{"start":{"line":235,"column":44},"end":{"line":235,"column":53}},"112":{"start":{"line":238,"column":12},"end":{"line":238,"column":29}},"113":{"start":{"line":244,"column":8},"end":{"line":247,"column":10}},"114":{"start":{"line":248,"column":8},"end":{"line":258,"column":12}},"115":{"start":{"line":250,"column":25},"end":{"line":250,"column":48}},"116":{"start":{"line":252,"column":12},"end":{"line":252,"column":78}},"117":{"start":{"line":252,"column":23},"end":{"line":252,"column":78}},"118":{"start":{"line":253,"column":12},"end":{"line":253,"column":127}},"119":{"start":{"line":253,"column":57},"end":{"line":253,"column":127}},"120":{"start":{"line":255,"column":12},"end":{"line":255,"column":47}},"121":{"start":{"line":257,"column":12},"end":{"line":257,"column":29}},"122":{"start":{"line":263,"column":8},"end":{"line":266,"column":10}},"123":{"start":{"line":267,"column":8},"end":{"line":280,"column":12}},"124":{"start":{"line":269,"column":25},"end":{"line":269,"column":48}},"125":{"start":{"line":271,"column":12},"end":{"line":271,"column":78}},"126":{"start":{"line":271,"column":23},"end":{"line":271,"column":78}},"127":{"start":{"line":272,"column":12},"end":{"line":272,"column":113}},"128":{"start":{"line":272,"column":58},"end":{"line":272,"column":113}},"129":{"start":{"line":273,"column":12},"end":{"line":273,"column":93}},"130":{"start":{"line":273,"column":36},"end":{"line":273,"column":93}},"131":{"start":{"line":275,"column":12},"end":{"line":277,"column":14}},"132":{"start":{"line":276,"column":16},"end":{"line":276,"column":49}},"133":{"start":{"line":276,"column":40},"end":{"line":276,"column":49}},"134":{"start":{"line":279,"column":12},"end":{"line":279,"column":29}},"135":{"start":{"line":284,"column":8},"end":{"line":284,"column":68}},"136":{"start":{"line":286,"column":8},"end":{"line":292,"column":12}},"137":{"start":{"line":287,"column":25},"end":{"line":287,"column":81}},"138":{"start":{"line":289,"column":12},"end":{"line":289,"column":82}},"139":{"start":{"line":289,"column":23},"end":{"line":289,"column":82}},"140":{"start":{"line":291,"column":12},"end":{"line":291,"column":23}},"141":{"start":{"line":609,"column":0},"end":{"line":609,"column":22}}},"fnMap":{"0":{"name":"(anonymous_0)","decl":{"start":{"line":8,"column":4},"end":{"line":8,"column":5}},"loc":{"start":{"line":8,"column":52},"end":{"line":21,"column":5}},"line":8},"1":{"name":"(anonymous_1)","decl":{"start":{"line":11,"column":16},"end":{"line":11,"column":17}},"loc":{"start":{"line":11,"column":28},"end":{"line":20,"column":9}},"line":11},"2":{"name":"(anonymous_2)","decl":{"start":{"line":23,"column":4},"end":{"line":23,"column":5}},"loc":{"start":{"line":23,"column":41},"end":{"line":34,"column":5}},"line":23},"3":{"name":"(anonymous_3)","decl":{"start":{"line":27,"column":16},"end":{"line":27,"column":17}},"loc":{"start":{"line":27,"column":28},"end":{"line":33,"column":9}},"line":27},"4":{"name":"(anonymous_4)","decl":{"start":{"line":36,"column":4},"end":{"line":36,"column":5}},"loc":{"start":{"line":36,"column":21},"end":{"line":47,"column":5}},"line":36},"5":{"name":"(anonymous_5)","decl":{"start":{"line":38,"column":16},"end":{"line":38,"column":17}},"loc":{"start":{"line":38,"column":28},"end":{"line":46,"column":9}},"line":38},"6":{"name":"(anonymous_6)","decl":{"start":{"line":49,"column":4},"end":{"line":49,"column":5}},"loc":{"start":{"line":49,"column":90},"end":{"line":88,"column":5}},"line":49},"7":{"name":"(anonymous_7)","decl":{"start":{"line":60,"column":16},"end":{"line":60,"column":17}},"loc":{"start":{"line":60,"column":28},"end":{"line":87,"column":9}},"line":60},"8":{"name":"(anonymous_8)","decl":{"start":{"line":90,"column":4},"end":{"line":90,"column":5}},"loc":{"start":{"line":90,"column":104},"end":{"line":148,"column":5}},"line":90},"9":{"name":"(anonymous_9)","decl":{"start":{"line":117,"column":16},"end":{"line":117,"column":17}},"loc":{"start":{"line":117,"column":28},"end":{"line":147,"column":9}},"line":117},"10":{"name":"(anonymous_10)","decl":{"start":{"line":150,"column":4},"end":{"line":150,"column":5}},"loc":{"start":{"line":150,"column":30},"end":{"line":169,"column":5}},"line":150},"11":{"name":"(anonymous_11)","decl":{"start":{"line":158,"column":16},"end":{"line":158,"column":17}},"loc":{"start":{"line":158,"column":28},"end":{"line":168,"column":9}},"line":158},"12":{"name":"(anonymous_12)","decl":{"start":{"line":171,"column":4},"end":{"line":171,"column":5}},"loc":{"start":{"line":171,"column":35},"end":{"line":187,"column":5}},"line":171},"13":{"name":"(anonymous_13)","decl":{"start":{"line":176,"column":16},"end":{"line":176,"column":17}},"loc":{"start":{"line":176,"column":28},"end":{"line":186,"column":9}},"line":176},"14":{"name":"(anonymous_14)","decl":{"start":{"line":183,"column":61},"end":{"line":183,"column":62}},"loc":{"start":{"line":183,"column":75},"end":{"line":183,"column":104}},"line":183},"15":{"name":"(anonymous_15)","decl":{"start":{"line":189,"column":4},"end":{"line":189,"column":5}},"loc":{"start":{"line":189,"column":111},"end":{"line":198,"column":5}},"line":189},"16":{"name":"(anonymous_16)","decl":{"start":{"line":192,"column":16},"end":{"line":192,"column":17}},"loc":{"start":{"line":192,"column":28},"end":{"line":197,"column":9}},"line":192},"17":{"name":"(anonymous_17)","decl":{"start":{"line":200,"column":4},"end":{"line":200,"column":5}},"loc":{"start":{"line":200,"column":42},"end":{"line":217,"column":5}},"line":200},"18":{"name":"(anonymous_18)","decl":{"start":{"line":206,"column":16},"end":{"line":206,"column":17}},"loc":{"start":{"line":206,"column":28},"end":{"line":216,"column":9}},"line":206},"19":{"name":"(anonymous_19)","decl":{"start":{"line":219,"column":4},"end":{"line":219,"column":5}},"loc":{"start":{"line":219,"column":45},"end":{"line":240,"column":5}},"line":219},"20":{"name":"(anonymous_20)","decl":{"start":{"line":225,"column":16},"end":{"line":225,"column":17}},"loc":{"start":{"line":225,"column":28},"end":{"line":239,"column":9}},"line":225},"21":{"name":"(anonymous_21)","decl":{"start":{"line":234,"column":61},"end":{"line":234,"column":62}},"loc":{"start":{"line":234,"column":67},"end":{"line":236,"column":13}},"line":234},"22":{"name":"(anonymous_22)","decl":{"start":{"line":242,"column":4},"end":{"line":242,"column":5}},"loc":{"start":{"line":242,"column":34},"end":{"line":259,"column":5}},"line":242},"23":{"name":"(anonymous_23)","decl":{"start":{"line":248,"column":16},"end":{"line":248,"column":17}},"loc":{"start":{"line":248,"column":28},"end":{"line":258,"column":9}},"line":248},"24":{"name":"(anonymous_24)","decl":{"start":{"line":261,"column":4},"end":{"line":261,"column":5}},"loc":{"start":{"line":261,"column":37},"end":{"line":281,"column":5}},"line":261},"25":{"name":"(anonymous_25)","decl":{"start":{"line":267,"column":16},"end":{"line":267,"column":17}},"loc":{"start":{"line":267,"column":28},"end":{"line":280,"column":9}},"line":267},"26":{"name":"(anonymous_26)","decl":{"start":{"line":275,"column":57},"end":{"line":275,"column":58}},"loc":{"start":{"line":275,"column":63},"end":{"line":277,"column":13}},"line":275},"27":{"name":"(anonymous_27)","decl":{"start":{"line":283,"column":4},"end":{"line":283,"column":5}},"loc":{"start":{"line":283,"column":25},"end":{"line":293,"column":5}},"line":283},"28":{"name":"(anonymous_28)","decl":{"start":{"line":286,"column":16},"end":{"line":286,"column":17}},"loc":{"start":{"line":286,"column":28},"end":{"line":292,"column":9}},"line":286}},"branchMap":{"0":{"loc":{"start":{"line":15,"column":12},"end":{"line":15,"column":93}},"type":"if","locations":[{"start":{"line":15,"column":12},"end":{"line":15,"column":93}},{"start":{"line":15,"column":12},"end":{"line":15,"column":93}}],"line":15},"1":{"loc":{"start":{"line":30,"column":12},"end":{"line":30,"column":104}},"type":"if","locations":[{"start":{"line":30,"column":12},"end":{"line":30,"column":104}},{"start":{"line":30,"column":12},"end":{"line":30,"column":104}}],"line":30},"2":{"loc":{"start":{"line":30,"column":16},"end":{"line":30,"column":51}},"type":"binary-expr","locations":[{"start":{"line":30,"column":16},"end":{"line":30,"column":21}},{"start":{"line":30,"column":25},"end":{"line":30,"column":51}}],"line":30},"3":{"loc":{"start":{"line":41,"column":12},"end":{"line":41,"column":78}},"type":"if","locations":[{"start":{"line":41,"column":12},"end":{"line":41,"column":78}},{"start":{"line":41,"column":12},"end":{"line":41,"column":78}}],"line":41},"4":{"loc":{"start":{"line":64,"column":12},"end":{"line":64,"column":78}},"type":"if","locations":[{"start":{"line":64,"column":12},"end":{"line":64,"column":78}},{"start":{"line":64,"column":12},"end":{"line":64,"column":78}}],"line":64},"5":{"loc":{"start":{"line":66,"column":12},"end":{"line":66,"column":86}},"type":"if","locations":[{"start":{"line":66,"column":12},"end":{"line":66,"column":86}},{"start":{"line":66,"column":12},"end":{"line":66,"column":86}}],"line":66},"6":{"loc":{"start":{"line":68,"column":12},"end":{"line":85,"column":13}},"type":"if","locations":[{"start":{"line":68,"column":12},"end":{"line":85,"column":13}},{"start":{"line":68,"column":12},"end":{"line":85,"column":13}}],"line":68},"7":{"loc":{"start":{"line":71,"column":16},"end":{"line":71,"column":94}},"type":"if","locations":[{"start":{"line":71,"column":16},"end":{"line":71,"column":94}},{"start":{"line":71,"column":16},"end":{"line":71,"column":94}}],"line":71},"8":{"loc":{"start":{"line":73,"column":16},"end":{"line":73,"column":50}},"type":"binary-expr","locations":[{"start":{"line":73,"column":16},"end":{"line":73,"column":28}},{"start":{"line":73,"column":33},"end":{"line":73,"column":49}}],"line":73},"9":{"loc":{"start":{"line":74,"column":16},"end":{"line":74,"column":59}},"type":"binary-expr","locations":[{"start":{"line":74,"column":16},"end":{"line":74,"column":31}},{"start":{"line":74,"column":36},"end":{"line":74,"column":58}}],"line":74},"10":{"loc":{"start":{"line":77,"column":16},"end":{"line":77,"column":138}},"type":"if","locations":[{"start":{"line":77,"column":16},"end":{"line":77,"column":138}},{"start":{"line":77,"column":16},"end":{"line":77,"column":138}}],"line":77},"11":{"loc":{"start":{"line":77,"column":20},"end":{"line":77,"column":77}},"type":"binary-expr","locations":[{"start":{"line":77,"column":20},"end":{"line":77,"column":39}},{"start":{"line":77,"column":43},"end":{"line":77,"column":77}}],"line":77},"12":{"loc":{"start":{"line":82,"column":16},"end":{"line":82,"column":50}},"type":"binary-expr","locations":[{"start":{"line":82,"column":16},"end":{"line":82,"column":28}},{"start":{"line":82,"column":33},"end":{"line":82,"column":49}}],"line":82},"13":{"loc":{"start":{"line":83,"column":16},"end":{"line":83,"column":59}},"type":"binary-expr","locations":[{"start":{"line":83,"column":16},"end":{"line":83,"column":31}},{"start":{"line":83,"column":36},"end":{"line":83,"column":58}}],"line":83},"14":{"loc":{"start":{"line":84,"column":16},"end":{"line":84,"column":68}},"type":"binary-expr","locations":[{"start":{"line":84,"column":16},"end":{"line":84,"column":35}},{"start":{"line":84,"column":40},"end":{"line":84,"column":67}}],"line":84},"15":{"loc":{"start":{"line":111,"column":8},"end":{"line":111,"column":74}},"type":"if","locations":[{"start":{"line":111,"column":8},"end":{"line":111,"column":74}},{"start":{"line":111,"column":8},"end":{"line":111,"column":74}}],"line":111},"16":{"loc":{"start":{"line":113,"column":8},"end":{"line":113,"column":47}},"type":"if","locations":[{"start":{"line":113,"column":8},"end":{"line":113,"column":47}},{"start":{"line":113,"column":8},"end":{"line":113,"column":47}}],"line":113},"17":{"loc":{"start":{"line":115,"column":8},"end":{"line":115,"column":50}},"type":"if","locations":[{"start":{"line":115,"column":8},"end":{"line":115,"column":50}},{"start":{"line":115,"column":8},"end":{"line":115,"column":50}}],"line":115},"18":{"loc":{"start":{"line":134,"column":12},"end":{"line":140,"column":13}},"type":"if","locations":[{"start":{"line":134,"column":12},"end":{"line":140,"column":13}},{"start":{"line":134,"column":12},"end":{"line":140,"column":13}}],"line":134},"19":{"loc":{"start":{"line":156,"column":8},"end":{"line":156,"column":80}},"type":"if","locations":[{"start":{"line":156,"column":8},"end":{"line":156,"column":80}},{"start":{"line":156,"column":8},"end":{"line":156,"column":80}}],"line":156},"20":{"loc":{"start":{"line":162,"column":12},"end":{"line":162,"column":78}},"type":"if","locations":[{"start":{"line":162,"column":12},"end":{"line":162,"column":78}},{"start":{"line":162,"column":12},"end":{"line":162,"column":78}}],"line":162},"21":{"loc":{"start":{"line":179,"column":12},"end":{"line":179,"column":78}},"type":"if","locations":[{"start":{"line":179,"column":12},"end":{"line":179,"column":78}},{"start":{"line":179,"column":12},"end":{"line":179,"column":78}}],"line":179},"22":{"loc":{"start":{"line":181,"column":12},"end":{"line":181,"column":94}},"type":"if","locations":[{"start":{"line":181,"column":12},"end":{"line":181,"column":94}},{"start":{"line":181,"column":12},"end":{"line":181,"column":94}}],"line":181},"23":{"loc":{"start":{"line":210,"column":12},"end":{"line":210,"column":78}},"type":"if","locations":[{"start":{"line":210,"column":12},"end":{"line":210,"column":78}},{"start":{"line":210,"column":12},"end":{"line":210,"column":78}}],"line":210},"24":{"loc":{"start":{"line":211,"column":12},"end":{"line":211,"column":127}},"type":"if","locations":[{"start":{"line":211,"column":12},"end":{"line":211,"column":127}},{"start":{"line":211,"column":12},"end":{"line":211,"column":127}}],"line":211},"25":{"loc":{"start":{"line":229,"column":12},"end":{"line":229,"column":78}},"type":"if","locations":[{"start":{"line":229,"column":12},"end":{"line":229,"column":78}},{"start":{"line":229,"column":12},"end":{"line":229,"column":78}}],"line":229},"26":{"loc":{"start":{"line":230,"column":12},"end":{"line":230,"column":99}},"type":"if","locations":[{"start":{"line":230,"column":12},"end":{"line":230,"column":99}},{"start":{"line":230,"column":12},"end":{"line":230,"column":99}}],"line":230},"27":{"loc":{"start":{"line":232,"column":12},"end":{"line":232,"column":121}},"type":"if","locations":[{"start":{"line":232,"column":12},"end":{"line":232,"column":121}},{"start":{"line":232,"column":12},"end":{"line":232,"column":121}}],"line":232},"28":{"loc":{"start":{"line":235,"column":16},"end":{"line":235,"column":53}},"type":"if","locations":[{"start":{"line":235,"column":16},"end":{"line":235,"column":53}},{"start":{"line":235,"column":16},"end":{"line":235,"column":53}}],"line":235},"29":{"loc":{"start":{"line":252,"column":12},"end":{"line":252,"column":78}},"type":"if","locations":[{"start":{"line":252,"column":12},"end":{"line":252,"column":78}},{"start":{"line":252,"column":12},"end":{"line":252,"column":78}}],"line":252},"30":{"loc":{"start":{"line":253,"column":12},"end":{"line":253,"column":127}},"type":"if","locations":[{"start":{"line":253,"column":12},"end":{"line":253,"column":127}},{"start":{"line":253,"column":12},"end":{"line":253,"column":127}}],"line":253},"31":{"loc":{"start":{"line":271,"column":12},"end":{"line":271,"column":78}},"type":"if","locations":[{"start":{"line":271,"column":12},"end":{"line":271,"column":78}},{"start":{"line":271,"column":12},"end":{"line":271,"column":78}}],"line":271},"32":{"loc":{"start":{"line":272,"column":12},"end":{"line":272,"column":113}},"type":"if","locations":[{"start":{"line":272,"column":12},"end":{"line":272,"column":113}},{"start":{"line":272,"column":12},"end":{"line":272,"column":113}}],"line":272},"33":{"loc":{"start":{"line":273,"column":12},"end":{"line":273,"column":93}},"type":"if","locations":[{"start":{"line":273,"column":12},"end":{"line":273,"column":93}},{"start":{"line":273,"column":12},"end":{"line":273,"column":93}}],"line":273},"34":{"loc":{"start":{"line":276,"column":16},"end":{"line":276,"column":49}},"type":"if","locations":[{"start":{"line":276,"column":16},"end":{"line":276,"column":49}},{"start":{"line":276,"column":16},"end":{"line":276,"column":49}}],"line":276},"35":{"loc":{"start":{"line":289,"column":12},"end":{"line":289,"column":82}},"type":"if","locations":[{"start":{"line":289,"column":12},"end":{"line":289,"column":82}},{"start":{"line":289,"column":12},"end":{"line":289,"column":82}}],"line":289}},"s":{"0":1,"1":1,"2":1,"3":1,"4":1,"5":1,"6":14,"7":2,"8":2,"9":2,"10":0,"11":2,"12":2,"13":0,"14":0,"15":0,"16":0,"17":0,"18":0,"19":1,"20":1,"21":1,"22":1,"23":0,"24":1,"25":1,"26":0,"27":0,"28":0,"29":0,"30":0,"31":0,"32":0,"33":0,"34":0,"35":0,"36":0,"37":0,"38":0,"39":0,"40":0,"41":0,"42":0,"43":0,"44":0,"45":0,"46":0,"47":0,"48":19,"49":19,"50":2,"51":2,"52":2,"53":2,"54":0,"55":2,"56":1,"57":2,"58":2,"59":2,"60":2,"61":1,"62":1,"63":1,"64":1,"65":1,"66":2,"67":6,"68":3,"69":2,"70":1,"71":1,"72":1,"73":0,"74":1,"75":1,"76":0,"77":0,"78":0,"79":0,"80":0,"81":0,"82":0,"83":0,"84":0,"85":0,"86":0,"87":0,"88":0,"89":0,"90":0,"91":0,"92":0,"93":0,"94":0,"95":0,"96":0,"97":0,"98":0,"99":0,"100":0,"101":0,"102":0,"103":0,"104":0,"105":0,"106":0,"107":0,"108":0,"109":0,"110":0,"111":0,"112":0,"113":0,"114":0,"115":0,"116":0,"117":0,"118":0,"119":0,"120":0,"121":0,"122":0,"123":0,"124":0,"125":0,"126":0,"127":0,"128":0,"129":0,"130":0,"131":0,"132":0,"133":0,"134":0,"135":0,"136":0,"137":0,"138":0,"139":0,"140":0,"141":1},"f":{"0":14,"1":2,"2":0,"3":0,"4":1,"5":1,"6":0,"7":0,"8":19,"9":2,"10":6,"11":1,"12":0,"13":0,"14":0,"15":0,"16":0,"17":0,"18":0,"19":0,"20":0,"21":0,"22":0,"23":0,"24":0,"25":0,"26":0,"27":0,"28":0},"b":{"0":[0,2],"1":[0,0],"2":[0,0],"3":[0,1],"4":[0,0],"5":[0,0],"6":[0,0],"7":[0,0],"8":[0,0],"9":[0,0],"10":[0,0],"11":[0,0],"12":[0,0],"13":[0,0],"14":[0,0],"15":[2,0],"16":[0,2],"17":[1,1],"18":[1,1],"19":[2,1],"20":[0,1],"21":[0,0],"22":[0,0],"23":[0,0],"24":[0,0],"25":[0,0],"26":[0,0],"27":[0,0],"28":[0,0],"29":[0,0],"30":[0,0],"31":[0,0],"32":[0,0],"33":[0,0],"34":[0,0],"35":[0,0]},"_coverageSchema":"43e27e138ebf9cfc5966b082cf9a028302ed4184","hash":"2ab8a30919973037a34d56fe8f7961e0a1e1975f","contentHash":"9cde9a1befba970811fd6506c6e1fe5a"},"C:\\Users\\almui\\bootcamp\\collab\\skylab-bootcamp-201809\\staff\\almu-itur\\easymeals\\easymeals-api\\errors\\index.js":{"path":"C:\\Users\\almui\\bootcamp\\collab\\skylab-bootcamp-201809\\staff\\almu-itur\\easymeals\\easymeals-api\\errors\\index.js","statementMap":{"0":{"start":{"line":1,"column":27},"end":{"line":1,"column":60}},"1":{"start":{"line":2,"column":18},"end":{"line":2,"column":41}},"2":{"start":{"line":3,"column":24},"end":{"line":3,"column":54}},"3":{"start":{"line":4,"column":22},"end":{"line":4,"column":50}},"4":{"start":{"line":5,"column":19},"end":{"line":5,"column":43}},"5":{"start":{"line":7,"column":0},"end":{"line":13,"column":1}}},"fnMap":{},"branchMap":{},"s":{"0":1,"1":1,"2":1,"3":1,"4":1,"5":1},"f":{},"b":{},"_coverageSchema":"43e27e138ebf9cfc5966b082cf9a028302ed4184","hash":"5eeba85888eab2d86ace8ef5904fe126922f8511","contentHash":"a902997c8eaee00508719a9fcee42cd8"},"C:\\Users\\almui\\bootcamp\\collab\\skylab-bootcamp-201809\\staff\\almu-itur\\easymeals\\easymeals-api\\errors\\already-exists-error.js":{"path":"C:\\Users\\almui\\bootcamp\\collab\\skylab-bootcamp-201809\\staff\\almu-itur\\easymeals\\easymeals-api\\errors\\already-exists-error.js","statementMap":{"0":{"start":{"line":3,"column":8},"end":{"line":3,"column":15}},"1":{"start":{"line":5,"column":8},"end":{"line":5,"column":55}},"2":{"start":{"line":7,"column":8},"end":{"line":7,"column":40}},"3":{"start":{"line":8,"column":8},"end":{"line":8,"column":30}},"4":{"start":{"line":10,"column":8},"end":{"line":10,"column":37}},"5":{"start":{"line":10,"column":19},"end":{"line":10,"column":37}},"6":{"start":{"line":14,"column":0},"end":{"line":14,"column":35}}},"fnMap":{"0":{"name":"(anonymous_0)","decl":{"start":{"line":2,"column":4},"end":{"line":2,"column":5}},"loc":{"start":{"line":2,"column":32},"end":{"line":11,"column":5}},"line":2}},"branchMap":{"0":{"loc":{"start":{"line":10,"column":8},"end":{"line":10,"column":37}},"type":"if","locations":[{"start":{"line":10,"column":8},"end":{"line":10,"column":37}},{"start":{"line":10,"column":8},"end":{"line":10,"column":37}}],"line":10}},"s":{"0":0,"1":0,"2":0,"3":0,"4":0,"5":0,"6":1},"f":{"0":0},"b":{"0":[0,0]},"_coverageSchema":"43e27e138ebf9cfc5966b082cf9a028302ed4184","hash":"918aa64cbaff26ab59fa0a5d3b2ad9cc897749c0","contentHash":"91dc1ba0206e87de978f912491487eb9"},"C:\\Users\\almui\\bootcamp\\collab\\skylab-bootcamp-201809\\staff\\almu-itur\\easymeals\\easymeals-api\\errors\\auth-error.js":{"path":"C:\\Users\\almui\\bootcamp\\collab\\skylab-bootcamp-201809\\staff\\almu-itur\\easymeals\\easymeals-api\\errors\\auth-error.js","statementMap":{"0":{"start":{"line":3,"column":8},"end":{"line":3,"column":15}},"1":{"start":{"line":5,"column":8},"end":{"line":5,"column":55}},"2":{"start":{"line":7,"column":8},"end":{"line":7,"column":31}},"3":{"start":{"line":8,"column":8},"end":{"line":8,"column":30}},"4":{"start":{"line":10,"column":8},"end":{"line":10,"column":37}},"5":{"start":{"line":10,"column":19},"end":{"line":10,"column":37}},"6":{"start":{"line":14,"column":0},"end":{"line":14,"column":26}}},"fnMap":{"0":{"name":"(anonymous_0)","decl":{"start":{"line":2,"column":4},"end":{"line":2,"column":5}},"loc":{"start":{"line":2,"column":32},"end":{"line":11,"column":5}},"line":2}},"branchMap":{"0":{"loc":{"start":{"line":10,"column":8},"end":{"line":10,"column":37}},"type":"if","locations":[{"start":{"line":10,"column":8},"end":{"line":10,"column":37}},{"start":{"line":10,"column":8},"end":{"line":10,"column":37}}],"line":10}},"s":{"0":0,"1":0,"2":0,"3":0,"4":0,"5":0,"6":1},"f":{"0":0},"b":{"0":[0,0]},"_coverageSchema":"43e27e138ebf9cfc5966b082cf9a028302ed4184","hash":"3583ebe251387cb4c048ec57084c6739ad1c71bd","contentHash":"d03e5add0f7f82e38e5a25ef9bdd06cb"},"C:\\Users\\almui\\bootcamp\\collab\\skylab-bootcamp-201809\\staff\\almu-itur\\easymeals\\easymeals-api\\errors\\not-allowed-error.js":{"path":"C:\\Users\\almui\\bootcamp\\collab\\skylab-bootcamp-201809\\staff\\almu-itur\\easymeals\\easymeals-api\\errors\\not-allowed-error.js","statementMap":{"0":{"start":{"line":3,"column":8},"end":{"line":3,"column":15}},"1":{"start":{"line":5,"column":8},"end":{"line":5,"column":55}},"2":{"start":{"line":7,"column":8},"end":{"line":7,"column":37}},"3":{"start":{"line":8,"column":8},"end":{"line":8,"column":30}},"4":{"start":{"line":10,"column":8},"end":{"line":10,"column":37}},"5":{"start":{"line":10,"column":19},"end":{"line":10,"column":37}},"6":{"start":{"line":14,"column":0},"end":{"line":14,"column":32}}},"fnMap":{"0":{"name":"(anonymous_0)","decl":{"start":{"line":2,"column":4},"end":{"line":2,"column":5}},"loc":{"start":{"line":2,"column":32},"end":{"line":11,"column":5}},"line":2}},"branchMap":{"0":{"loc":{"start":{"line":10,"column":8},"end":{"line":10,"column":37}},"type":"if","locations":[{"start":{"line":10,"column":8},"end":{"line":10,"column":37}},{"start":{"line":10,"column":8},"end":{"line":10,"column":37}}],"line":10}},"s":{"0":0,"1":0,"2":0,"3":0,"4":0,"5":0,"6":1},"f":{"0":0},"b":{"0":[0,0]},"_coverageSchema":"43e27e138ebf9cfc5966b082cf9a028302ed4184","hash":"f8d089050c6699bc1329ca17aad4ce281a092790","contentHash":"731dc19f2535596ed8bc4a37579e7952"},"C:\\Users\\almui\\bootcamp\\collab\\skylab-bootcamp-201809\\staff\\almu-itur\\easymeals\\easymeals-api\\errors\\not-found-error.js":{"path":"C:\\Users\\almui\\bootcamp\\collab\\skylab-bootcamp-201809\\staff\\almu-itur\\easymeals\\easymeals-api\\errors\\not-found-error.js","statementMap":{"0":{"start":{"line":3,"column":8},"end":{"line":3,"column":15}},"1":{"start":{"line":5,"column":8},"end":{"line":5,"column":55}},"2":{"start":{"line":7,"column":8},"end":{"line":7,"column":35}},"3":{"start":{"line":8,"column":8},"end":{"line":8,"column":30}},"4":{"start":{"line":10,"column":8},"end":{"line":10,"column":37}},"5":{"start":{"line":10,"column":19},"end":{"line":10,"column":37}},"6":{"start":{"line":14,"column":0},"end":{"line":14,"column":30}}},"fnMap":{"0":{"name":"(anonymous_0)","decl":{"start":{"line":2,"column":4},"end":{"line":2,"column":5}},"loc":{"start":{"line":2,"column":32},"end":{"line":11,"column":5}},"line":2}},"branchMap":{"0":{"loc":{"start":{"line":10,"column":8},"end":{"line":10,"column":37}},"type":"if","locations":[{"start":{"line":10,"column":8},"end":{"line":10,"column":37}},{"start":{"line":10,"column":8},"end":{"line":10,"column":37}}],"line":10}},"s":{"0":0,"1":0,"2":0,"3":0,"4":0,"5":0,"6":1},"f":{"0":0},"b":{"0":[0,0]},"_coverageSchema":"43e27e138ebf9cfc5966b082cf9a028302ed4184","hash":"a3bc65e00c6293db0a225837da33bde4513a
[...]
"line":10,"column":8},"end":{"line":10,"column":37}}],"line":10}},"s":{"0":14,"1":14,"2":14,"3":14,"4":14,"5":0,"6":1},"f":{"0":14},"b":{"0":[0,14]},"_coverageSchema":"43e27e138ebf9cfc5966b082cf9a028302ed4184","hash":"54790e4d45b5abe68caf0fe6e3550aa817cec6c7","contentHash":"d077a07dd55324adecb273b4416a0df6"},"C:\\Users\\almui\\bootcamp\\collab\\skylab-bootcamp-201809\\staff\\almu-itur\\easymeals\\easymeals-api\\utils\\validate.js":{"path":"C:\\Users\\almui\\bootcamp\\collab\\skylab-bootcamp-201809\\staff\\almu-itur\\easymeals\\easymeals-api\\utils\\validate.js","statementMap":{"0":{"start":{"line":1,"column":23},"end":{"line":1,"column":43}},"1":{"start":{"line":4,"column":4},"end":{"line":46,"column":6}},"2":{"start":{"line":5,"column":8},"end":{"line":45,"column":9}},"3":{"start":{"line":7,"column":16},"end":{"line":7,"column":52}},"4":{"start":{"line":7,"column":47},"end":{"line":7,"column":52}},"5":{"start":{"line":9,"column":16},"end":{"line":9,"column":90}},"6":{"start":{"line":9,"column":47},"end":{"line":9,"column":90}},"7":{"start":{"line":11,"column":16},"end":{"line":11,"column":90}},"8":{"start":{"line":11,"column":42},"end":{"line":11,"column":90}},"9":{"start":{"line":13,"column":16},"end":{"line":13,"column":21}},"10":{"start":{"line":15,"column":16},"end":{"line":15,"column":52}},"11":{"start":{"line":15,"column":47},"end":{"line":15,"column":52}},"12":{"start":{"line":17,"column":16},"end":{"line":17,"column":92}},"13":{"start":{"line":17,"column":48},"end":{"line":17,"column":92}},"14":{"start":{"line":19,"column":16},"end":{"line":19,"column":21}},"15":{"start":{"line":21,"column":16},"end":{"line":21,"column":52}},"16":{"start":{"line":21,"column":47},"end":{"line":21,"column":52}},"17":{"start":{"line":23,"column":16},"end":{"line":23,"column":90}},"18":{"start":{"line":23,"column":47},"end":{"line":23,"column":90}},"19":{"start":{"line":25,"column":16},"end":{"line":25,"column":21}},"20":{"start":{"line":27,"column":16},"end":{"line":27,"column":52}},"21":{"start":{"line":27,"column":47},"end":{"line":27,"column":52}},"22":{"start":{"line":29,"column":16},"end":{"line":29,"column":90}},"23":{"start":{"line":29,"column":47},"end":{"line":29,"column":90}},"24":{"start":{"line":31,"column":32},"end":{"line":31,"column":36}},"25":{"start":{"line":33,"column":16},"end":{"line":37,"column":18}},"26":{"start":{"line":34,"column":20},"end":{"line":34,"column":56}},"27":{"start":{"line":34,"column":50},"end":{"line":34,"column":56}},"28":{"start":{"line":36,"column":20},"end":{"line":36,"column":107}},"29":{"start":{"line":36,"column":50},"end":{"line":36,"column":107}},"30":{"start":{"line":38,"column":16},"end":{"line":38,"column":21}},"31":{"start":{"line":40,"column":16},"end":{"line":40,"column":52}},"32":{"start":{"line":40,"column":47},"end":{"line":40,"column":52}},"33":{"start":{"line":42,"column":16},"end":{"line":42,"column":94}},"34":{"start":{"line":42,"column":50},"end":{"line":42,"column":94}},"35":{"start":{"line":44,"column":16},"end":{"line":44,"column":21}},"36":{"start":{"line":49,"column":0},"end":{"line":49,"column":25}}},"fnMap":{"0":{"name":"validate","decl":{"start":{"line":3,"column":9},"end":{"line":3,"column":17}},"loc":{"start":{"line":3,"column":26},"end":{"line":47,"column":1}},"line":3},"1":{"name":"(anonymous_1)","decl":{"start":{"line":4,"column":19},"end":{"line":4,"column":20}},"loc":{"start":{"line":4,"column":55},"end":{"line":46,"column":5}},"line":4},"2":{"name":"(anonymous_2)","decl":{"start":{"line":33,"column":30},"end":{"line":33,"column":31}},"loc":{"start":{"line":33,"column":38},"end":{"line":37,"column":17}},"line":33}},"branchMap":{"0":{"loc":{"start":{"line":5,"column":8},"end":{"line":45,"column":9}},"type":"switch","locations":[{"start":{"line":6,"column":12},"end":{"line":13,"column":21}},{"start":{"line":14,"column":12},"end":{"line":19,"column":21}},{"start":{"line":20,"column":12},"end":{"line":25,"column":21}},{"start":{"line":26,"column":12},"end":{"line":38,"column":21}},{"start":{"line":39,"column":12},"end":{"line":44,"column":21}}],"line":5},"1":{"loc":{"start":{"line":7,"column":16},"end":{"line":7,"column":52}},"type":"if","locations":[{"start":{"line":7,"column":16},"end":{"line":7,"column":52}},{"start":{"line":7,"column":16},"end":{"line":7,"column":52}}],"line":7},"2":{"loc":{"start":{"line":7,"column":20},"end":{"line":7,"column":45}},"type":"binary-expr","locations":[{"start":{"line":7,"column":20},"end":{"line":7,"column":28}},{"start":{"line":7,"column":32},"end":{"line":7,"column":45}}],"line":7},"3":{"loc":{"start":{"line":9,"column":16},"end":{"line":9,"column":90}},"type":"if","locations":[{"start":{"line":9,"column":16},"end":{"line":9,"column":90}},{"start":{"line":9,"column":16},"end":{"line":9,"column":90}}],"line":9},"4":{"loc":{"start":{"line":11,"column":16},"end":{"line":11,"column":90}},"type":"if","locations":[{"start":{"line":11,"column":16},"end":{"line":11,"column":90}},{"start":{"line":11,"column":16},"end":{"line":11,"column":90}}],"line":11},"5":{"loc":{"start":{"line":15,"column":16},"end":{"line":15,"column":52}},"type":"if","locations":[{"start":{"line":15,"column":16},"end":{"line":15,"column":52}},{"start":{"line":15,"column":16},"end":{"line":15,"column":52}}],"line":15},"6":{"loc":{"start":{"line":15,"column":20},"end":{"line":15,"column":45}},"type":"binary-expr","locations":[{"start":{"line":15,"column":20},"end":{"line":15,"column":28}},{"start":{"line":15,"column":32},"end":{"line":15,"column":45}}],"line":15},"7":{"loc":{"start":{"line":17,"column":16},"end":{"line":17,"column":92}},"type":"if","locations":[{"start":{"line":17,"column":16},"end":{"line":17,"column":92}},{"start":{"line":17,"column":16},"end":{"line":17,"column":92}}],"line":17},"8":{"loc":{"start":{"line":21,"column":16},"end":{"line":21,"column":52}},"type":"if","locations":[{"start":{"line":21,"column":16},"end":{"line":21,"column":52}},{"start":{"line":21,"column":16},"end":{"line":21,"column":52}}],"line":21},"9":{"loc":{"start":{"line":21,"column":20},"end":{"line":21,"column":45}},"type":"binary-expr","locations":[{"start":{"line":21,"column":20},"end":{"line":21,"column":28}},{"start":{"line":21,"column":32},"end":{"line":21,"column":45}}],"line":21},"10":{"loc":{"start":{"line":23,"column":16},"end":{"line":23,"column":90}},"type":"if","locations":[{"start":{"line":23,"column":16},"end":{"line":23,"column":90}},{"start":{"line":23,"column":16},"end":{"line":23,"column":90}}],"line":23},"11":{"loc":{"start":{"line":27,"column":16},"end":{"line":27,"column":52}},"type":"if","locations":[{"start":{"line":27,"column":16},"end":{"line":27,"column":52}},{"start":{"line":27,"column":16},"end":{"line":27,"column":52}}],"line":27},"12":{"loc":{"start":{"line":27,"column":20},"end":{"line":27,"column":45}},"type":"binary-expr","locations":[{"start":{"line":27,"column":20},"end":{"line":27,"column":28}},{"start":{"line":27,"column":32},"end":{"line":27,"column":45}}],"line":27},"13":{"loc":{"start":{"line":29,"column":16},"end":{"line":29,"column":90}},"type":"if","locations":[{"start":{"line":29,"column":16},"end":{"line":29,"column":90}},{"start":{"line":29,"column":16},"end":{"line":29,"column":90}}],"line":29},"14":{"loc":{"start":{"line":34,"column":20},"end":{"line":34,"column":56}},"type":"if","locations":[{"start":{"line":34,"column":20},"end":{"line":34,"column":56}},{"start":{"line":34,"column":20},"end":{"line":34,"column":56}}],"line":34},"15":{"loc":{"start":{"line":34,"column":24},"end":{"line":34,"column":48}},"type":"binary-expr","locations":[{"start":{"line":34,"column":24},"end":{"line":34,"column":32}},{"start":{"line":34,"column":36},"end":{"line":34,"column":48}}],"line":34},"16":{"loc":{"start":{"line":36,"column":20},"end":{"line":36,"column":107}},"type":"if","locations":[{"start":{"line":36,"column":20},"end":{"line":36,"column":107}},{"start":{"line":36,"column":20},"end":{"line":36,"column":107}}],"line":36},"17":{"loc":{"start":{"line":40,"column":16},"end":{"line":40,"column":52}},"type":"if","locations":[{"start":{"line":40,"column":16},"end":{"line":40,"column":52}},{"start":{"line":40,"column":16},"end":{"line":40,"column":52}}],"line":40},"18":{"loc":{"start":{"line":40,"column":20},"end":{"line":40,"column":45}},"type":"binary-expr","locations":[{"start":{"line":40,"column":20},"end":{"line":40,"column":28}},{"start":{"line":40,"column":32},"end":{"line":40,"column":45}}],"line":40},"19":{"loc":{"start":{"line":42,"column":16},"end":{"line":42,"column":94}},"type":"if","locations":[{"start":{"line":42,"column":16},"end":{"line":42,"column":94}},{"start":{"line":42,"column":16},"end":{"line":42,"column":94}}],"line":42}},"s":{"0":1,"1":40,"2":129,"3":84,"4":0,"5":84,"6":11,"7":73,"8":12,"9":61,"10":24,"11":0,"12":24,"13":3,"14":21,"15":13,"16":0,"17":13,"18":3,"19":10,"20":8,"21":0,"22":8,"23":2,"24":6,"25":6,"26":7,"27":0,"28":7,"29":1,"30":5,"31":0,"32":0,"33":0,"34":0,"35":0,"36":1},"f":{"0":40,"1":129,"2":7},"b":{"0":[84,24,13,8,0],"1":[0,84],"2":[84,0],"3":[11,73],"4":[12,61],"5":[0,24],"6":[24,24],"7":[3,21],"8":[0,13],"9":[13,0],"10":[3,10],"11":[0,8],"12":[8,0],"13":[2,6],"14":[0,7],"15":[7,0],"16":[1,6],"17":[0,0],"18":[0,0],"19":[0,0]},"_coverageSchema":"43e27e138ebf9cfc5966b082cf9a028302ed4184","hash":"56c2dd4e765959efcc928366f6a088b6e49954ab","contentHash":"ce3c3d2f0032bb4500f20acf0c840a15"},"C:\\Users\\almui\\bootcamp\\collab\\skylab-bootcamp-201809\\staff\\almu-itur\\easymeals\\easymeals-api\\data\\demos\\meals.js":{"path":"C:\\Users\\almui\\bootcamp\\collab\\skylab-bootcamp-201809\\staff\\almu-itur\\easymeals\\easymeals-api\\data\\demos\\meals.js","statementMap":{"0":{"start":{"line":1,"column":14},"end":{"line":1,"column":16}},"1":{"start":{"line":3,"column":0},"end":{"line":17,"column":2}},"2":{"start":{"line":19,"column":0},"end":{"line":33,"column":2}},"3":{"start":{"line":35,"column":0},"end":{"line":49,"column":2}},"4":{"start":{"line":51,"column":0},"end":{"line":65,"column":2}},"5":{"start":{"line":67,"column":0},"end":{"line":81,"column":2}},"6":{"start":{"line":83,"column":0},"end":{"line":97,"column":2}},"7":{"start":{"line":99,"column":0},"end":{"line":113,"column":2}},"8":{"start":{"line":115,"column":0},"end":{"line":129,"column":2}},"9":{"start":{"line":131,"column":0},"end":{"line":145,"column":2}},"10":{"start":{"line":147,"column":0},"end":{"line":161,"column":2}},"11":{"start":{"line":163,"column":0},"end":{"line":177,"column":2}},"12":{"start":{"line":179,"column":0},"end":{"line":193,"column":2}},"13":{"start":{"line":195,"column":0},"end":{"line":209,"column":2}},"14":{"start":{"line":211,"column":0},"end":{"line":225,"column":2}},"15":{"start":{"line":227,"column":0},"end":{"line":241,"column":2}},"16":{"start":{"line":243,"column":0},"end":{"line":257,"column":2}},"17":{"start":{"line":259,"column":0},"end":{"line":273,"column":2}},"18":{"start":{"line":275,"column":0},"end":{"line":289,"column":2}},"19":{"start":{"line":291,"column":0},"end":{"line":305,"column":2}},"20":{"start":{"line":307,"column":0},"end":{"line":321,"column":2}},"21":{"start":{"line":323,"column":0},"end":{"line":337,"column":2}},"22":{"start":{"line":339,"column":0},"end":{"line":353,"column":2}},"23":{"start":{"line":355,"column":0},"end":{"line":369,"column":2}},"24":{"start":{"line":371,"column":0},"end":{"line":385,"column":2}},"25":{"start":{"line":387,"column":0},"end":{"line":401,"column":2}},"26":{"start":{"line":403,"column":0},"end":{"line":417,"column":2}},"27":{"start":{"line":419,"column":0},"end":{"line":433,"column":2}},"28":{"start":{"line":435,"column":0},"end":{"line":449,"column":2}},"29":{"start":{"line":451,"column":0},"end":{"line":465,"column":2}},"30":{"start":{"line":467,"column":0},"end":{"line":481,"column":2}},"31":{"start":{"line":483,"column":0},"end":{"line":497,"column":2}},"32":{"start":{"line":499,"column":0},"end":{"line":513,"column":2}},"33":{"start":{"line":516,"column":0},"end":{"line":530,"column":2}},"34":{"start":{"line":532,"column":0},"end":{"line":546,"column":2}},"35":{"start":{"line":548,"column":0},"end":{"line":562,"column":2}},"36":{"start":{"line":564,"column":0},"end":{"line":578,"column":2}},"37":{"start":{"line":580,"column":0},"end":{"line":594,"column":2}},"38":{"start":{"line":596,"column":0},"end":{"line":610,"column":2}},"39":{"start":{"line":612,"column":0},"end":{"line":626,"column":2}},"40":{"start":{"line":628,"column":0},"end":{"line":642,"column":2}},"41":{"start":{"line":644,"column":0},"end":{"line":658,"column":2}},"42":{"start":{"line":660,"column":0},"end":{"line":674,"column":2}},"43":{"start":{"line":676,"column":0},"end":{"line":690,"column":2}},"44":{"start":{"line":692,"column":0},"end":{"line":706,"column":2}},"45":{"start":{"line":708,"column":0},"end":{"line":722,"column":2}},"46":{"start":{"line":724,"column":0},"end":{"line":738,"column":2}},"47":{"start":{"line":740,"column":0},"end":{"line":754,"column":2}},"48":{"start":{"line":756,"column":0},"end":{"line":770,"column":2}},"49":{"start":{"line":772,"column":0},"end":{"line":786,"column":2}},"50":{"start":{"line":788,"column":0},"end":{"line":802,"column":2}},"51":{"start":{"line":804,"column":0},"end":{"line":818,"column":2}},"52":{"start":{"line":820,"column":0},"end":{"line":834,"column":2}},"53":{"start":{"line":836,"column":0},"end":{"line":850,"column":2}},"54":{"start":{"line":852,"column":0},"end":{"line":866,"column":2}},"55":{"start":{"line":868,"column":0},"end":{"line":882,"column":2}},"56":{"start":{"line":884,"column":0},"end":{"line":898,"column":2}},"57":{"start":{"line":900,"column":0},"end":{"line":914,"column":2}},"58":{"start":{"line":916,"column":0},"end":{"line":930,"column":2}},"59":{"start":{"line":932,"column":0},"end":{"line":946,"column":2}},"60":{"start":{"line":948,"column":0},"end":{"line":962,"column":2}},"61":{"start":{"line":964,"column":0},"end":{"line":978,"column":2}},"62":{"start":{"line":980,"column":0},"end":{"line":994,"column":2}},"63":{"start":{"line":996,"column":0},"end":{"line":1010,"column":2}},"64":{"start":{"line":1012,"column":0},"end":{"line":1026,"column":2}},"65":{"start":{"line":1028,"column":0},"end":{"line":1042,"column":2}},"66":{"start":{"line":1044,"column":0},"end":{"line":1058,"column":2}},"67":{"start":{"line":1060,"column":0},"end":{"line":1074,"column":2}},"68":{"start":{"line":1076,"column":0},"end":{"line":1090,"column":2}},"69":{"start":{"line":1092,"column":0},"end":{"line":1106,"column":2}},"70":{"start":{"line":1108,"column":0},"end":{"line":1122,"column":2}},"71":{"start":{"line":1124,"column":0},"end":{"line":1138,"column":2}},"72":{"start":{"line":1140,"column":0},"end":{"line":1154,"column":2}},"73":{"start":{"line":1156,"column":0},"end":{"line":1170,"column":2}},"74":{"start":{"line":1172,"column":0},"end":{"line":1186,"column":2}},"75":{"start":{"line":1188,"column":0},"end":{"line":1202,"column":2}},"76":{"start":{"line":1204,"column":0},"end":{"line":1218,"column":2}},"77":{"start":{"line":1220,"column":0},"end":{"line":1234,"column":2}},"78":{"start":{"line":1236,"column":0},"end":{"line":1250,"column":2}},"79":{"start":{"line":1252,"column":0},"end":{"line":1266,"column":2}},"80":{"start":{"line":1268,"column":0},"end":{"line":1282,"column":2}},"81":{"start":{"line":1284,"column":0},"end":{"line":1298,"column":2}},"82":{"start":{"line":1300,"column":0},"end":{"line":1314,"column":2}},"83":{"start":{"line":1316,"column":0},"end":{"line":1330,"column":2}},"84":{"start":{"line":1332,"column":0},"end":{"line":1346,"column":2}},"85":{"start":{"line":1348,"column":0},"end":{"line":1362,"column":2}},"86":{"start":{"line":1364,"column":0},"end":{"line":1378,"column":2}},"87":{"start":{"line":1380,"column":0},"end":{"line":1394,"column":2}},"88":{"start":{"line":1396,"column":0},"end":{"line":1410,"column":2}},"89":{"start":{"line":1412,"column":0},"end":{"line":1426,"column":2}},"90":{"start":{"line":1428,"column":0},"end":{"line":1442,"column":2}},"91":{"start":{"line":1444,"column":0},"end":{"line":1458,"column":2}},"92":{"start":{"line":1460,"column":0},"end":{"line":1474,"column":2}},"93":{"start":{"line":1476,"column":0},"end":{"line":1490,"column":2}},"94":{"start":{"line":1492,"column":0},"end":{"line":1506,"column":2}},"95":{"start":{"line":1508,"column":0},"end":{"line":1522,"column":2}},"96":{"start":{"line":1524,"column":0},"end":{"line":1538,"column":2}},"97":{"start":{"line":1540,"column":0},"end":{"line":1554,"column":2}},"98":{"start":{"line":1556,"column":0},"end":{"line":1570,"column":2}},"99":{"start":{"line":1572,"column":0},"end":{"line":1586,"column":2}},"100":{"start":{"line":1588,"column":0},"end":{"line":1602,"column":2}},"101":{"start":{"line":1604,"column":0},"end":{"line":1618,"column":2}},"102":{"start":{"line":1620,"column":0},"end":{"line":1634,"column":2}},"103":{"start":{"line":1637,"column":0},"end":{"line":1651,"column":2}},"104":{"start":{"line":1653,"column":0},"end":{"line":1667,"column":2}},"105":{"start":{"line":1669,"column":0},"end":{"line":1683,"column":2}},"106":{"start":{"line":1685,"column":0},"end":{"line":1699,"column":2}},"107":{"start":{"line":1701,"column":0},"end":{"line":1715,"column":2}},"108":{"start":{"line":1717,"column":0},"end":{"line":1731,"column":2}},"109":{"start":{"line":1733,"column":0},"end":{"line":1747,"column":2}},"110":{"start":{"line":1749,"column":0},"end":{"line":1763,"column":2}},"111":{"start":{"line":1765,"column":0},"end":{"line":1779,"column":2}},"112":{"start":{"line":1781,"column":0},"end":{"line":1795,"column":2}},"113":{"start":{"line":1797,"column":0},"end":{"line":1811,"column":2}},"114":{"start":{"line":1813,"column":0},"end":{"line":1827,"column":2}},"115":{"start":{"line":1829,"column":0},"end":{"line":1843,"column":2}},"116":{"start":{"line":1845,"column":0},"end":{"line":1859,"column":2}},"117":{"start":{"line":1861,"column":0},"end":{"line":1875,"column":2}},"118":{"start":{"line":1877,"column":0},"end":{"line":1891,"column":2}},"119":{"start":{"line":1893,"column":0},"end":{"line":1907,"column":2}},"120":{"start":{"line":1909,"column":0},"end":{"line":1923,"column":2}},"121":{"start":{"line":1925,"column":0},"end":{"line":1939,"column":2}},"122":{"start":{"line":1941,"column":0},"end":{"line":1955,"column":2}},"123":{"start":{"line":1957,"column":0},"end":{"line":1971,"column":2}},"124":{"start":{"line":1973,"column":0},"end":{"line":1987,"column":2}},"125":{"start":{"line":1989,"column":0},"end":{"line":2003,"column":2}},"126":{"start":{"line":2005,"column":0},"end":{"line":2019,"column":2}},"127":{"start":{"line":2021,"column":0},"end":{"line":2035,"column":2}},"128":{"start":{"line":2037,"column":0},"end":{"line":2051,"column":2}},"129":{"start":{"line":2053,"column":0},"end":{"line":2067,"column":2}},"130":{"start":{"line":2069,"column":0},"end":{"line":2069,"column":22}}},"fnMap":{},"branchMap":{},"s":{"0":1,"1":1,"2":1,"3":1,"4":1,"5":1,"6":1,"7":1,"8":1,"9":1,"10":1,"11":1,"12":1,"13":1,"14":1,"15":1,"16":1,"17":1,"18":1,"19":1,"20":1,"21":1,"22":1,"23":1,"24":1,"25":1,"26":1,"27":1,"28":1,"29":1,"30":1,"31":1,"32":1,"33":1,"34":1,"35":1,"36":1,"37":1,"38":1,"39":1,"40":1,"41":1,"42":1,"43":1,"44":1,"45":1,"46":1,"47":1,"48":1,"49":1,"50":1,"51":1,"52":1,"53":1,"54":1,"55":1,"56":1,"57":1,"58":1,"59":1,"60":1,"61":1,"62":1,"63":1,"64":1,"65":1,"66":1,"67":1,"68":1,"69":1,"70":1,"71":1,"72":1,"73":1,"74":1,"75":1,"76":1,"77":1,"78":1,"79":1,"80":1,"81":1,"82":1,"83":1,"84":1,"85":1,"86":1,"87":1,"88":1,"89":1,"90":1,"91":1,"92":1,"93":1,"94":1,"95":1,"96":1,"97":1,"98":1,"99":1,"100":1,"101":1,"102":1,"103":1,"104":1,"105":1,"106":1,"107":1,"108":1,"109":1,"110":1,"111":1,"112":1,"113":1,"114":1,"115":1,"116":1,"117":1,"118":1,"119":1,"120":1,"121":1,"122":1,"123":1,"124":1,"125":1,"126":1,"127":1,"128":1,"129":1,"130":1},"f":{},"b":{},"_coverageSchema":"43e27e138ebf9cfc5966b082cf9a028302ed4184","hash":"879addc1214f18d3d7ff63cdff785bd56b114f9e","contentHash":"d896ea1891a2a15b8546ec6880ec2e01"}}